[    0.000000] Initializing cgroup subsys cpuset
[    0.000000] Initializing cgroup subsys cpu
[    0.000000] Initializing cgroup subsys cpuacct
[    0.000000] Linux version 4.4.0-154-generic (buildd@lgw01-amd64-049) (gcc version 5.4.0 20160609 (Ubuntu 5.4.0-6ubuntu1~16.04.10) ) #181-Ubuntu SMP Tue Jun 25 05:29:03 UTC 2019 (Ubuntu 4.4.0-154.181-generic 4.4.179)
[    0.000000] Command line: BOOT_IMAGE=/boot/vmlinuz-4.4.0-154-generic root=LABEL=cloudimg-rootfs ro console=tty1 console=ttyS0
[    0.000000] KERNEL supported cpus:
[    0.000000]   Intel GenuineIntel
[    0.000000]   AMD AuthenticAMD
[    0.000000]   Centaur CentaurHauls
[    0.000000] x86/fpu: Legacy x87 FPU detected.
[    0.000000] e820: BIOS-provded physical RAM map:
[    0.000000] BIOS-e820: [mem 0x0000000000000000-0x000000000009fbff] usable
[    0.000000] BIOS-e820: [mem 0x000000000009fc00-0x000000000009ffff] reserved
[    0.000000] BIOS-e820: [mem 0x00000000000f0000-0x00000000000fffff] reserved
[    0.000000] BIOS-e820: [mem 0x0000000000100000-0x000000003ffeffff] usable
[    0.000000] BIOS-e820: [mem 0x000000003fff0000-0x000000003fffffff] ACPI data
[    0.000000] BIOS-e820: [mem 0x00000000fec00000-0x00000000fec00fff] reserved
[    0.000000] BIOS-e820: [mem 0x00000000fee00000-0x00000000fee00fff] reserved
[    0.000000] BIOS-e820: [mem 0x00000000fffc0000-0x00000000ffffffff] reserved
[    0.000000] NX (Execute Disable) protection: active
[    0.000000] SMBIOS 2.5 present.
[    0.000000] Hypervisor detected: KVM
[    0.000000] e820: last_pfn = 0x3fff0 max_arch_pfn = 0x400000000
[    0.000000] MTRR: Disabled
[    0.000000] x86/PAT: MTRRs disabled, skipping PAT initialization too.
[    0.000000] CPU MTRRs all blank - virtualized system.
[    0.000000] x86/PAT: Configuration [0-7]: WB  WT  UC- UC  WB  WT  UC- UC  
[    0.000000] found SMP MP-table at [mem 0x0009fff0-0x0009ffff] mapped at [ffff88000009fff0]
[    0.000000] Scanning 1 areas for low memory corruption
[    0.000000] RAMDSK: [em 0x362fa000-0x37174fff]
[    0.000000] ACPI: Early table checksum verification disabled
[    0.000000] ACPI: RSDP 0x00000000000E0000 000024 (v02 BOX  )
[    0.000000] ACPI: XSDT 0x000000003FFF0030 00003C (v01 VBOX   VBOXXSDT 00000001 ASL  00000061)

[    0.000000] ACPI: FACP 0x000000003FFF00F0 0000F4 (v04 VBOX   VBOXFACP 00000001 ASL  00000061)
[    0.000000] ACPI: DSDT 0x000000003FFF0470 0021FF (v02 VBOX   VBOXBIOS 00000002 INTL 20180105)
[    0.000000] ACPI: FACS 0x000000003FFF0200 000040
[    0.000000] ACPI: FACS 0x000000003FFF0200 000040
[    0.000000] ACPI: APIC 0x000000003FFF0240 00005C (v02 VBOX   VBOXAPIC 00000001 ASL  00000061)
[    0.000000] ACPI: SSDT 0x000000003FFF02A0 0001CC (v01 VBOX   VBOXCPUT 00000002 INTL 20180105)
[    0.000000] No NUMA configuration found
[    0.000000] Faking a node at [mem 0x0000000000000000-0x000000003ffeffff]
[    0.000000] NODE_DATA(0) allocated [mem 0x3ffeb000-0x3ffeffff]
[    0.000000] kvm-clock: Using msrs 4b564d01 and 4b564d00
[    0.000000] kvm-clock: cpu 0, msr 0:3ffe3001, primary cpu clock
[    0.000000] kvm-clock: using sched offset of 4995854107 cycles
[    0.000000] clocksource: kvm-clock: mask: 0xffffffffffffffff max_cycles: 0x1cd42e4dffb, max_idle_ns: 881590591483 ns
[    0.000000] Zone ranges:
[    0.000000]   DMA      [mem 0x0000000000001000-0x0000000000ffffff]
[    0.000000]   DMA32    [mem 0x0000000001000000-0x000000003ffeffff]
[    0.000000]   Normal   empty
[    0.000000]   Device   empty
[    0.000000] Movable zone start for each node
[    0.000000] Early memory node ranges
[    0.000000]   node   0: [mem 0x0000000000001000-0x000000000009efff]
[    0.000000]   node   0: [mem 0x0000000000100000-0x000000003ffeffff]
[    0.000000] Initmem setup node 0 [mem 0x0000000000001000-0x000000003ffeffff]
[    0.000000] ACPI: PM-Timer IO Port: 0x4008
[    0.000000] IOAPIC[0]: apic_id 2, version 32, address 0xfec00000, GSI 0-23
[    0.000000] ACPI: INT_SRC_OVR (bus 0 bus_irq 0 global_irq 2 dfl dfl)
[    0.000000] ACPI: INT_SRC_OVR (bus 0 bus_irq 9 global_irq 9 low level)
[    0.000000] Using ACPI (MADT) for SMP configuration information
[    0.000000] smpboot: Allowing 2 CPUs, 0 hotplug CPUs
[    0.000000] PM: Registered nosave memory: [mem 0x00000000-0x00000fff]
[    0.000000] PM: Registered nosave memory: [mem 0x0009f000-0x0009ffff]
[    0.000000] PM: Registered nosave memory: [mem 0x000a0000-0x000effff]
[    0.000000] PM: Registered nosave memory: [mem 0x000f0000-0x000fffff]
[    0.000000] e820: [mem 0x40000000-0xfebfffff] available for PCI devices
[    0.000000] Booting paravirtualized kernel on KVM
[    0.000000] clocksource: refined-jiffies:mask: 0xffffffff max_cycles: 0xffffffff, max_idle_ns: 7645519600211568 ns
[    0.000000] setup_percpu: NR_CPUS:512 nr_cpumask_bits:512 nr_cpu_ids:2 nr_node_ids:1
[    0.000000] PERCPU: Embedded 34 pages/cpu @ffff88003fc00000 s99480 r8192 d31592 u1048576
[    0.000000] Built 1 zonelists in Node order, mobility grouping on.  Total pages: 257912
[    0.000000] Policy zone: DMA32
[    0.000000] Kernel command line: BOOT_IMAGE=/boot/vmlinuz-4.4.0-154-generic root=LABEL=cloudimg-rootfs ro console=tty1 console=ttyS0
[    0.000000] PID hash table entries: 4096 (order: 3, 32768 bytes)
[    0.000000] Memory: 997732K/1048120K available (8613K kernel code, 1335K rwdata, 4028K rodata, 1484K init, 1284K bss, 50388K resered, 0K cmma-reserved)
[    0.000000] SLUB: HWalign=64, Order=0-3, MinObjects=0, CPUs=2, Nodes=1
[    0.000000] Kernel/User page tables isolation: enabled
[    0.000000] Hierarchical RCU implementation.
[    0.000000] 	Build-time adjustment of leaf fanout to 64.
[    0.000000] 	RCU restricting CPUs from NR_CPUS=512 to nr_cpu_ids=2.
[    0.000000] RCU: Adjusting geometry for rcu_fanout_leaf=64, nr_cpu_ids=2
[    0.000000] NR_IRQS:33024 nr_irqs:440 16
[    0.000000] Console: colour VGA+ 80x25
[    0.000000] console [tty1] enabled
[    0.000000] console [ttyS0] enabled
[    0.000000] tsc: Detected 2992.498 MHz processor
[    0.927234] Calibrating delay loop (skipped) preset value.. 5984.99 BogoMIPS (lpj=11969992)
[    0.972033] pid_max: default: 32768 minimum: 301
[    0.973585] ACPI: Core revision 20150930
[    0.976247] ACPI: 2 ACPI AML tables successfully acquired and loaded
[    0.978450] Security Framework initialized
[    0.979866] Yama: becoming mindful.
[    0.981235] AppArmor: AppArmor initialized
[    1.016702] Dentry cache hash table entries: 131072 (order: 8, 1048576 bytes)
[    1.020431] Inode-cache hash table entries: 65536 (order: 7, 524288 bytes)
[    1.074359] Mount-cache hash table entries: 2048 (order: 2, 16384 bytes)
[    1.191074] Mountpoint-cache hash table entries: 2048 (order: 2, 16384 bytes)
[    1.194054] Initializing cgroup subsys io
[    1.195455] Initializing cgroup subsys memory
[    1.233750] Initializing cgroup subsys devices
[    1.289728] Initializing cgroup subsys freezer
[    1.291217] Initializing cgroup subsys net_cls
[    1.292704] Initializing cgroup subsys perf_event
[    1.342843] Initializing cgroup subsys net_prio
[    1.344348] Initializing cgroup subsys hugetlb
[    1.350973] Initializing cgroup subsys pids
[    1.352511] mce: CPU supports 0 MCE banks
[    1.357977] Last level iTLB entries: 4KB 128, 2MB 4, 4MB 4
[    1.359680] Last level dTLB entries: 4KB 256, 2MB 0, 4MB 32, 1GB 0
[    1.361552] Spectre V2 : Mitigation: Full generic retpoline
[    1.363280] Spectre V2 : Spectre v2 / SpectreRSB mitigation: Filling RSB on context switch
[    1.366084] Speculative Store Bypass: Vulnerable
[    1.368517] MDS: Vulnerable: Clear CPU buffers attempted, no microcode
[    1.420287] Freeing SMP alternatives memory: 36K
[    1.429587] ftrace: allocating 32299 entries in 127 pages
[    1.500468] smpboot: APIC(0) Converting physical 0 to logical package 0
[    1.602373] smpboot: Max logical packages: 1
[    1.677257] x2apic enabled
[    1.727116] Switched APIC routing to physical x2apic.
[    1.836762] ..TIMER: vector=0x30 apic1=0 pin1=2 apic2=-1 pin2=-1
[    2.061458] smpboot: CPU0: Intel(R) Core(TM)2 Duo CPU     E8400  @ 3.00GHz (family: 0x6, model: 0x17, stepping: 0xa)
[    2.086192] Performance Events: unsupported p6 CPU model 23 no PMU driver, software events only.
[    2.238284] KVM setup paravirtual spinlock
[    2.241323] x86: Booting SMP configuration:
[    2.242773] .... node  #0, CPUs:      #1
[    2.244150] kvm-clock: cpu 1, msr 0:3ffe3041, secondary cpu clock
[    2.257490] mce: CPU supports 0 MCE banks
[    2.260661] x86: Booted up 1 node, 2 CPUs
[    2.262558] smpboot: Total of 2 processors activated (11969.99 BogoMIPS)
[    2.265150] devtmpfs: initialized
[    2.269233] evm: security.selinux
[    2.270478] evm: security.SMACK64
[    2.271733] evm: security.SMACK64EXEC
[    2.273056] evm: security.SMACK64TRANSMUTE
[    2.274473] evm: security.SMACK64MMAP
[    2.275793] evm: security.ima
[    2.276974] evm: security.capability
[    2.278464] clocksource: jiffies: mask: 0xffffffff max_cycles: 0xffffffff, max_idle_ns: 7645041785100000 ns
[    2.281641] futex hash table entries: 512 (order: 3, 32768 bytes)
[    2.283665] pinctrl core: initialized pinctrl subsystem
[    2.285507] RTC time: 15:44:49, date: 08/23/19
[    2.288477] NET: Registered protocol family 16
[    2.305231] cpuidle: using governor ladder
[    2.345433] cpuidle: using governor menu
[    2.350631] PCCT header not found.
[    2.351942] ACPI: bus type PCI registered
[    2.399786] acpiphp: ACPI Hot Plug PCI Controller Driver version: 0.5
[    2.401841] PCI: Using configuration type 1 for base access
[    2.417822] ACPI: Added _OSI(Module Device)
[    2.419259] ACPI: Added _OSI(Processor Device)
[    2.420744] ACPI: Added _OSI(3.0 _SCP Extensions)
[    2.470286] ACPI: Added _OSI(Processor Aggregator Device)
[    2.513025] ACPI: Executed 1 blocks of module-level executable AML code
[    2.578099] ACPI: Interpreter enabled
[    2.579428] ACPI: (supports S0 S5)
[    2.580693] ACPI: Using IOAPIC for interrupt routing
[    2.614438] PCI: Using host bridge windows from ACPI; if necessary, use "pci=nocrs" and report a bug
[    2.631595] ACPI: PCI Root Bridge [PCI0] (domain 0000 [bus 00-ff])
[    2.633479] acpi PNP0A03:00: _OSC: OS supports [ASPM ClockPM Segments MSI]
[    2.635494] acpi PNP0A03:00: _OSC: not requesting OS control; OS requires [ExtendedConfig ASPM ClockPM MSI]
[    2.724464] acpi PNP0A03:00: fail to add MMCONFIG information, can't access extended PCI configuration space under this bridge.
[    2.780504] PCI host bridge to bus 0000:00
[    2.795604] pci_bus 0000:00: root bus resource [io  0x0000-0x0cf7 window]
[    2.797657] pci_bus 0000:00: root bus resource [io  0x0d00-0xffff window]
[    2.813282] pci_bus 0000:00: root bus resource [mem 0x000a0000-0x000bffff window]
[    2.880471] pci_bus 0000:00: root bus resource [mem 0x40000000-0xfdffffff window]
[    2.888376] pci_bus 0000:00: root bus resource [bus 00-ff]
[    3.008540] pci 0000:00:01.1: legacy IDE quirk: reg 0x10: [io  0x01f0-0x01f7]
[    3.031878] pci 0000:00:01.1: legacy IDE quirk: reg 0x14: [io  0x03f6]
[    3.033847] pci 0000:00:01.1: legacy IDE quirk: reg 0x18: [io  0x0170-0x0177]
[    3.035906] pci 0000:00:01.1: legacy IDE quirk: reg 0x1c: [io  0x0376]
[    3.059457] pci 0000:00:07.0: quirk: [io  0x4000-0x403f] claimed by PIIX4 ACPI
[    3.064341] pci 0000:00:07.0: quirk: [io  0x4100-0x410f] claimed by PIIX4 SMB
[    3.073591] ACPI: PCI Interrupt Link [LNKA] (IRQs 5 9 10 *11)
[    3.077510] ACPI: PCI Interrupt Link [LNKB] (IRQs 5 9 *10 11)
[    3.079931] ACPI: PCI Interrupt Link [LNKC] (IRQs 5 *9 10 11)
[    3.082380] ACPI: PCI Interrupt Link [LNKD] (IRQs 5 9 10 *11)
[    3.084885] ACPI: Enabled 2 GPEs in block 00 to 07
[    3.113318] vgaarb: setting as boot device: PCI:0000:00:02.0
[    3.115077] vgaarb: device added: PCI:0000:00:02.0,decodes=io+mem,owns=io+mem,locks=none
[    3.117839] vgaarb: loaded
[    3.118955] vgaarb: bridge control possible 0000:00:02.0
[    3.121273] SCSI subsystem initialized
[    3.123105] ACPI: bus type USB registered
[    3.124552] usbcore: registered new interface driver usbfs
[    3.126307] usbcore: registered new interface driver hub
[    3.133385] usbcore: registered new device driver usb
[    3.140828] PCI: Using ACPI for IRQ routing
[    3.142986] NetLabel: Initializing
[    3.144257] NetLabel:  domain hash size = 128
[    3.145753] NetLabel:  protocols = UNLABELED CIPSOv4
[    3.147393] NetLabel:  unlabeled traffic allowed by default
[    3.149512] amd_nb: Cannot enumerate AMD northbridges
[    3.251750] clocksource: Switched to clocksource kvm-clock
[    3.268483] ApArmor: AppArmor Filesystem Enabled
[    3.337849] pnp: PnP ACPI init
[    3.340222] pnp: PnP ACPI: found 3 devices

[    3.353675] clocksource: acpi_pm: mask: 0xffffff max_cycles: 0xffffff, max_idle_ns: 2085701024 ns
[    .356822] NET: Registered protocol family 2

[    3.389534] TCP established hash table entries: 8192 (order: 4, 65536 bytes)
[    3.391749] TCP bind hash table entries: 8192 (order: 5, 131072 bytes)
[    3.393832] TCP: Hash tables configured (established 8192 bind 8192)
[    3.395894] UDP hash table entries: 512 (order: 2, 16384 bytes)
[    3.397826] UDP-Lite hash table entries: 512 (order: 2, 16384 bytes)
[    3.399907] NET: Registered protocol family 1
[    3.401498] pci 0000:00:00.0: Limiting direct PCI/PCI transfers
[    3.403404] pci 0000:00:01.0: Activating ISA DMA hang workarounds
[    3.405610] Unpacking initramfs...
[  3.662542] Freeing initrd memory: 14828K
[    3.722789] clocksource: tsc: mask: 0xffffffffffffffff max_cycles: 0x2b2296bc2b9, max_idle_ns: 440795321505 ns
[    3.725986] platform rtc_cmos: registered platform RTC device (no PNP device found)
[    3.728706] Scanning for low memory corruption every 60 seconds

[    3.731958] audit: initializing netlink subsys (disabled)
[    3.733710] audit: type=2000 audit(1566575094.979:1): initialized
[    3.741327] Initialise system trusted keyring
[    3.742996] HugeTLB registered 2 MB page size, pre-allocated 0 pages
[    3.747093] zbud: loaded
[    3.748751] VFS: Disk quotas dquot_6.6.0
[    3.750258] VFS: Dquot-cache hash table entries: 512 (order 0, 4096 bytes)
[    3.752773] squashfs: version 4.0 (2009/01/31) Phillip Lougher
[    3.755092] fuse init (API version 7.23)
[    3.756808] Key type big_key registered
[    3.758258] Allocating IMA MOK and blacklist keyrings.
[    3.761371] Key type asymmetric registered
[    3.762859] Asymmetric key parser 'x509' registered
[    3.764611] Block layer SCSI generic (bsg) driver version 0.4 loaded (major 249)
[    3.774599] io scheduler noop registered
[    3.776072] io scheduler deadline registered (default)
[    3.777853] io scheduler cfq registered
[    3.779425] pci_hotplug: PCI Hot Plug PCI Core version: 0.5
[    3.856598] pciehp: PCI Express Hot Plug Controller Driver version: 0.4
[    3.890446] ACPI: AC Adapter [AC] (on-line)
[    3.892081] input: Power Button as /devices/LNXSYSTM:00/LNXPWRBN:00/input/input0
[    3.997916] ACPI: Power Button [PWRF]
[    4.056655] input: Sleep Button as /devices/LNXSYSTM:00/LNXSLPBN:00/input/input1
[    4.115096] ACPI: Sleep Button [SLPF]
[    4.116778] GHES: HEST is not enabled!
[    4.146343] Serial: 8250/16550 driver, 32 ports, IRQ sharing enabled
[    4.171170] 00:02: ttyS0 at I/O 0x3f8 (irq = 4, base_baud = 115200) is a 16550A
[    4.175402] Linux agpgart interface v0.103
[    4.178992] loop: module loaded
[    4.181148] scsi host0: ata_piix
[    4.182551] scsi host1: ata_piix
[    4.183839] ata1: PATA max UDMA/33 cmd 0x1f0 ctl 0x3f6 bmdma 0xd000 irq 14
[    4.185916] ata2: PATA max UDMA/33 cmd 0x170 ctl 0x376 bmdma 0xd008 irq 15
[    4.188100] libphy: Fixed MDIO Bus: probed
[    4.196682] tun: Universal TUN/TAP device driver, 1.6
[    4.198317] tun: (C) 1999-2004 Max Krasnyansky <maxk@qualcomm.com>
[    4.200288] PPP generic driver version 2.4.2
[    4.201867] ehci_hcd: USB 2.0 'Enhanced' Host Controller (EHCI) Driver
[    4.203834] ehci-pci: EHCI PCI platform driver
[    4.205364] ehci-platform: EHCI generic platform driver
[    4.207102] ohci_hcd: USB 1.1 'Open' Host Controller (OHCI) Driver
[    4.247184] ohci-pci: OHCI PCI platform driver
[    4.248788] ohci-platform: OHCI generic platform driver
[    4.296876] uhci_hcd: USB Universal Host Controller Interface driver
[    4.298975] i8042: PNP: PS/2 Controller [PNP0303:PS2K,PNP0f03:PS2M] at 0x60,0x64 irq 1,12
[    4.358233] serio: i8042 KBD port at 0x60,0x64 irq 1
[    4.359929] serio: i8042 AUX port at 0x60,0x64 irq 12
[    4.377280] mousedev: PS/2 mouse device common for all mice
[    4.427995] input: AT Translated Set 2 keyboard as /devices/platform/i8042/serio0/input/input2
[    4.430954] rtc_cmos rtc_cmos: rtc core: registered rtc_cmos as rtc0
[    4.437175] rtc_cmos rtc_cmos: alarms up to one day, 114 bytes nvram
[    4.457757] i2c /dev entries driver
[    4.459228] device-mapper: uevent: version 1.0.3
[    4.477458] device-mapper: ioctl: 4.34.0-ioctl (2015-10-28) initialised: dm-devel@redhat.com
[    4.537653] ledtrig-cpu: registered to indicate activity on CPUs
[    4.577791] NET: Registered protocol family 10
[    4.580143] NET: Registered protocol family 17
[    4.581747] Key type dns_resolver registered
[    4.583633] registered taskstats version 1
[    4.613222] Loading compiled-in X.509 certificates
[    4.657784] Loaded X.509 cert 'Build time autogenerated kernel key: 65139e04a67245b562a838c28b5e7032abdd4348'
[    4.677776] zswap: loaded using pool lzo/zbud
[    4.692671] Key type trusted registered
[    4.720907] Key type encrypted registered
[    4.722392] AppArmor: AppArmor sha1 policy hashing enabled
[    4.724206] ima: No TPM chip found, activating TPM-bypass!
[    4.726064] ima: Allocated hash algorithm: sha1
[    4.727673] evm: HMAC attrs: 0x1
[    4.737061]   Magic number: 15:17:741
[    4.738511] workqueue writeback: hash matches
[    4.740180] rtc_cmos rtc_cmos: setting system clock to 2019-08-23 15:44:51 UTC (1566575091)
[    4.743357] BIOS EDD facility v0.16 2004-Jun-25, 0 devices found
[    4.745354] EDD information not available.
[    4.752402] Freeing unused kernel memory: 1484K
[    4.767827] Write protecting the kernel read-only data: 14336k
[    4.783604] Freeing unused kernel memory: 1616K
[    4.785583] Freeing unused kernel memory: 68K
Loading, please wait...
starting version 229
[    4.929192] random: systemd-udevd: uninitialized urandom read (16 bytes read, 2 bits of entropy available)
[    4.935799] random: systemd-udevd: uninitialized urandom read (16 bytes read, 2 bits of entropy available)
[    4.939137] random: udevadm: uninitialized urandom read (16 bytes read, 2 bits of entropy available)
[    4.939244] random: udevadm: uninitialized urandom read (16 bytes read, 2 bits of entropy available)
[    4.950517] random: systemd-udevd: uninitialized urandom read (16 bytes read, 2 bits of entropy available)
[    4.955606] random: systemd-udevd: uninitialized urandom read (16 bytes read, 2 bits of entropy available)
[    4.988700] random: systemd-udevd: uninitialized urandom read (16 bytes read, 2 bits of entropy available)
[    4.993782] random: systemd-udevd: uninitialized urandom read (16 bytes read, 2 bits of entropy available)
[    5.009440] random: systemd-udevd: uninitialized urandom read (16 bytes read, 2 bits of entropy available)
[    5.016594] random: udevadm: uninitialized urandom read (16 bytes read, 2 bits of entropy available)
[    5.463560] Fusion MPT base driver 3.04.20
[    5.486885] e1000: Intel(R) PRO/1000 Network Driver - version 7.3.21-k8-NAPI
[    5.486886] e1000: Copyright (c) 1999-2006 Intel Corporation.
[    5.518119] Copyright (c) 1999-2008 LSI Corporation
[    5.577214] Fusion MPT SPI Host driver 3.04.20
[    5.765106] input: ImExPS/2 Generic Explorer Mouse as /devices/platform/i8042/serio1/input/input4
[    6.015539] e1000 0000:00:03.0 eth0: (PCI:33MHz:32-bit) 02:1e:e5:6d:71:21
[    6.017791] e1000 0000:00:03.0 eth0: Intel(R) PRO/1000 Network Connection
[    6.020725] mptbase: ioc0: Initiating bringup
[    6.024074] e1000 0000:00:03.0 enp0s3: renamed from eth0
[    6.084302] ioc0: LSI53C1030 A0: Capabilities={Initiator}
[    6.245700] scsi host2: ioc0: LSI53C1030 A0, FwRev=00000000h, Ports=1, MaxQ=256, IRQ=20
[    6.368451] scsi 2:0:0:0: Direct-Access     VBOX     HARDDISK         1.0  PQ: 0 ANSI: 5
[    6.374514] scsi target2:0:0: Beginning Domain Validation
[    6.377673] scsi target2:0:0: Domain Validation skipping write tests
[    6.379572] scsi target2:0:0: Ending Domain Validation
[    6.382373] scsi target2:0:0: asynchronous
[    6.384276] scsi 2:0:1:0: Direct-Access     VBOX     HARDDISK         1.0  PQ: 0 ANSI: 5
[    6.397611] scsi target2:0:1: Beginning Domain Validation
[    6.400312] scsi target2:0:1: Domain Validation skipping write tests
[    6.402218] scsi target2:0:1: Ending Domain Validation
[    6.403918] scsi target2:0:1: asynchronous
[    6.411709] sd 2:0:0:0: [sda] 20971520 512-byte logical blocks: (10.7 GB/10.0 GiB)
[    6.412477] sd 2:0:0:0: Attached scsi generic sg0 type 0
[    6.417079] sd 2:0:0:0: [sda] Write Protect is off
[    6.418642] sd 2:0:1:0: [sdb] 20480 512-byte logical blocks: (10.5 MB/10.0 MiB)
[    6.419456] sd 2:0:1:0: [sdb] Write Protect is off
[    6.419579] sd 2:0:1:0: [sdb] Incomplete mode parameter data
[    6.419581] sd 2:0:1:0: [sdb] Assuming drive cache: write through
[    6.424003] sd 2:0:1:0: Attached scsi generic sg1 type 0
[    6.453375] sd 2:0:1:0: [sdb] Attached SCSI disk
[    6.507250] sd 2:0:0:0: [sda] Incomplete mode parameter data
[    6.509156] sd 2:0:0:0: [sda] Assuming drive cache: write through
[    6.512883]  sda: sda1
[    6.515443] sd 2:0:0:0: [sda] Attached SCSI disk
Begin: Loading essential drivers ... [    8.943648] md: linear personality registered for level -1
[    8.975126] md: multipath personality registered for level -4
[    9.005240] md: raid0 personality registered for level 0
[    9.048290] md: raid1 personality registered for level 1
[    9.155769] raid6: sse2x1   gen()  5341 MB/s
[    9.235815] raid6: sse2x1   xor()  4468 MB/s
[    9.314250] raid6: sse2x2   gen()  6726 MB/s
[    9.385736] raid6: sse2x2   xor()  6431 MB/s
[    9.461217] raid6: sse2x4   gen()  7958 MB/s
[    9.545740] raid6: sse2x4   xor()  5996 MB/s
[    9.736936] raid6: using algorithm sse2x4 gen() 7958 MB/s
[    9.738737] raid6: .... xor() 5996 MB/s, rmw enabled
[    9.746774] raid6: using ssse3x2 recovery algorithm
[    9.846261] xor: measuring software checksum speed
[    9.887815]    prefetch64-sse: 11417.000 MB/sec
[    9.931776]    generic_sse: 10102.000 MB/sec
[    9.933309] xor: using function: prefetch64-sse (11417.000 MB/sec)
[    9.938214] async_tx: api initialized (async)
[    9.981842] md: raid6 personality registered for level 6
[    9.985001] md: raid5 personality registered for level 5
[    9.988530] md: raid4 personality registered for level 4
[   10.059574] md: raid10 personality registered for level 10
done.
Begin: Running /scripts/init-premount ... done.
Begin: Mounting root file system ... Begin: Running /scripts/local-top ... done.
Begin: Running /scripts/local-premount ... [   10.217976] Btrfs loaded
Scanning for Btrfs filesystems
done.
Warning: fsck not present, so skipping root file system
[   10.480730] EXT4-fs (sda1): mounted filesystem with ordered data mode. Opts: (null)
done.
Begin: Running /scripts/local-bottom ... done.
Begin: Running /scripts/init-bottom ... done.
[   11.351982] systemd[1]: systemd 229 running in system mode. (+PAM +AUDIT +SELINUX +IMA +APPARMOR +SMACK +SYSVINIT +UTMP +LIBCRYPTSETUP +GCRYPT +GNUTLS +ACL +XZ -LZ4 +SECCOMP +BLKID +ELFUTILS +KMOD -IDN)
[   11.361619] systemd[1]: Detected virtualization oracle.
[   11.363381] systemd[1]: Detected architecture x86-64.

Welcome to [1mUbuntu 16.04.6 LTS[0m!

[   11.444858] systemd[1]: Set hostname to <ubuntu>.
[   11.465988] systemd[1]: Initializing machine ID from random generator.
[   11.468126] systemd[1]: Installed transient /etc/machine-id file.
[   11.587975] random: nonblocking pool is initialized
[   12.489601] systemd[1]: Started Forward Password Requests to Wall Directory Watch.
[[0;32m  OK  [0m] Started Forward Password Requests to Wall Directory Watch.
[   12.565419] systemd[1]: Listening on Syslog Socket.
[[0;32m  OK  [0m] Listening on Syslog Socket.
[   12.629338] systemd[1]: Started Trigger resolvconf update for networkd DNS.
[[0;32m  OK  [0m] Started Trigger resolvconf update for networkd DNS.
[   12.633710] systemd[1]: Listening on Journal Socket (/dev/log).
[[0;32m  OK  [0m] Listening on Journal Socket (/dev/log).
[   12.637720] systemd[1]: Listening on /dev/initctl Compatibility Named Pipe.
[[0;32m  OK  [0m] Listening on /dev/initctl Compatibility Named Pipe.
[   12.641937] systemd[1]: Reached target User and Group Name Lookups.
[[0;32m  OK  [0m] Reached target User and Group Name Lookups.
[   12.645898] systemd[1]: Reached target Swap.
[[0;32m  OK  [0m] Reached target Swap.
[   12.650593] systemd[1]: Created slice User and Session Slice.
[[0;32m  OK  [0m] Created slice User and Session Slice.
[   12.655142] systemd[1]: Set up automount Arbitrary Executable File Formats File System Automount Point.
[[0;32m  OK  [0m] Set up automount Arbitrary Executab...ats File System Automount Point.
[   12.662070] systemd[1]: Listening on Device-mapper event daemon FIFOs.
[[0;32m  OK  [0m] Listening on Device-mapper event daemon FIFOs.
[   12.667127] systemd[1]: Created slice System Slice.
[[0;32m  OK  [0m] Created slice System Slice.
[   12.691862] systemd[1]: Listening on Journal Audit Socket.
[[0;32m  OK  [0m] Listening on Journal Audit Socket.
[   12.695523] systemd[1]: Reached target Encrypted Volumes.
[[0;32m  OK  [0m] Reached target Encrypted Volumes.
[   12.770947] systemd[1]: Created slice system-serial\x2dgetty.slice.
[[0;32m  OK  [0m] Created slice system-serial\x2dgetty.slice.
[   12.776734] systemd[1]: Reached target Slices.
[[0;32m  OK  [0m] Reached target Slices.
[   12.781380] systemd[1]: Listening on udev Kernel Socket.
[[0;32m  OK  [0m] Listening on udev Kernel Socket.
[   12.786869] systemd[1]: Listening on LVM2 metadata daemon socket.
[[0;32m  OK  [0m] Listening on LVM2 metadata daemon socket.
[   12.792770] systemd[1]: Listening on udev Control Socket.
[[0;32m  OK  [0m] Listening on udev Control Socket.
[   12.879001] systemd[1]: Reached target System Time Synchronized.
[[0;32m  OK  [0m] Reached target System Time Synchronized.
[   12.882813] systemd[1]: Listening on LVM2 poll daemon socket.
[[0;32m  OK  [0m] Listening on LVM2 poll daemon socket.
[   12.888529] systemd[1]: Listening on Journal Socket.
[[0;32m  OK  [0m] Listening on Journal Socket.
[   12.908965] systemd[1]: Starting Remount Root and Kernel File Systems...
         Starting Remount Root and Kernel File Systems...
[   12.920722] systemd[1]: Mounting Huge Pages File System...
         Mounting Huge Pages File System...
[   12.978661] EXT4-fs (sda1): re-mounted. Opts: (null)
[   12.986663] systemd[1]: Starting Load Kernel Modules...
         Starting Load Kernel Modules...
[   13.015072] systemd[1]: Starting Uncomplicated firewall...
         Starting Uncomplicated firewall...
[   13.117255] systemd[1]: Starting Set console keymap...
         Starting Set console keymap...
[   13.123557] Loading iSCSI transport class v2.0-870.
[   13.131970] systemd[1]: Starting Nameserver information manager...
         Starting Nameserver information manager...
[   13.184321] systemd[1]: Mounting Debug File System...
         Mounting Debug File System...
[   13.228315] iscsi: registered transport (tcp)
[   13.244504] systemd[1]: Mounting POSIX Message Queue File System...
         Mounting POSIX Message Queue File System...
[   13.298069] systemd[1]: Starting Monitoring of LVM2 mirrors, snapshots etc. using dmeventd or progress polling...
         Starting Monitoring of LVM2 mirrors... dmeventd or progress polling...
[   13.329376] systemd[1]: Starting Journal Service...
         Starting Journal Service...
[   13.350988] systemd[1]: Starting Create list of required static device nodes for the current kernel...
         Starting Create list of required st... nodes for the current kernel...
[   13.381263] systemd[1]: Mounted POSIX Message Queue File System.
[[0;32m  OK  [0m] Mounted POSIX Message Queue File System.
[   13.400033] systemd[1]: Mounted Huge Pages File System.
[[0;32m  OK  [0m] Mounted Huge Pages File System.
[   13.417944] systemd[1]: Mounted Debug File System.
[[0;32m  OK  [0m] Mounted Debug File System.
[   13.428552] systemd[1]: Started Remount Root and Kernel File Systems.
[[0;32m  OK  [0m] Started Remount Root and Kernel File Systems.
[   13.442552] systemd[1]: Started Uncomplicated firewall.
[[0;32m  OK  [0m] Started Uncomplicated firewall.
[   13.476195] systemd[1]: Started Create list of required static device nodes for the current kernel.
[[0;32m  OK  [0m] Started Create list of required sta...ce nodes for the current kernel.
[   13.611927] iscsi: registered transport (iser)
[   13.616415] systemd[1]: Started Nameserver information manager.
[[0;32m  OK  [0m] Started Nameserver information manager.
[   13.674694] systemd[1]: Started Load Kernel Modules.
[[0;32m  OK  [0m] Started Load Kernel Modules.
[   13.752192] systemd[1]: Started Journal Service.
[[0;32m  OK  [0m] Started Journal Service.
[[0;32m  OK  [0m] Started LVM2 metadata daemon.
         Mounting FUSE Control File System...
         Starting Apply Kernel Variables...
         Starting Create Static Device Nodes in /dev...
         Starting Flush Journal to Persistent Storage...
         Starting udev Coldplug all Devices...
         Starting Load/Save Random Seed...
[[0;32m  OK  [0m] Mounted FUSE Control File System.
[[0;32m  OK  [0m] Started Apply Kernel Variables.
[[0;32m  OK  [0m] Started Set console keymap.
[[0;32m  OK  [0m] Started Load/Save Random Seed.
[[0;32m  OK  [0m] Started Flush Journal to Persistent Storage.
[[0;32m  OK  [0m] Started Create Static Device Nodes in /dev.
         Starting udev Kernel Device Manager...
[[0;32m  OK  [0m] Started Monitoring of LVM2 mirrors,...ng dmeventd or progress polling.
[[0;32m  OK  [0m] Reached target Local File Systems (Pre).
[[0;32m  OK  [0m] Reached target Local File Systems.
         Starting Set console font and keymap...
         Starting Create Volatile Files and Directories...
         Starting LSB: AppArmor initialization...
         Starting Initial cloud-init job (pre-networking)...
         Starting Commit a transient machine-id on disk...
         Starting Tell Plymouth To Write Out Runtime Data...
[[0;32m  OK  [0m] Started Commit a transient machine-id on disk.
[[0;32m  OK  [0m] Started Tell Plymouth To Write Out Runtime Data.
[[0;32m  OK  [0m] Started Create Volatile Files and Directories.
         Starting Update UTMP about System Boot/Shutdown...
[[0;32m  OK  [0m] Started udev Kernel Device Manager.
[[0;32m  OK  [0m] Started Update UTMP about System Boot/Shutdown.
[[0;32m  OK  [0m] Started udev Coldplug all Devices.
[[0;32m  OK  [0m] Started Dispatch Password Requests to Console Directory Watch.
[[0;32m  OK  [0m] Found device /dev/ttyS0.
[[0;32m  OK  [0m] Listening on Load/Save RF Kill Switch Status /dev/rfkill Watch.
[[0;32m  OK  [0m] Started LSB: AppArmor initialization.
[   19.108659] cloud-init[460]: Cloud-init v. 19.1-1-gbaa47854-0ubuntu1~16.04.1 running 'init-local' at Fri, 23 Aug 2019 15:45:07 +0000. Up 17.51 seconds.
[[0;32m  OK  [0m] Started Initial cloud-init job (pre-networking).
[[0;32m  OK  [0m] Started Set console font and keymap.
[[0;32m  OK  [0m] Created slice system-getty.slice.
[[0;32m  OK  [0m] Reached target Network (Pre).
         Starting Raise network interfaces...
[[0;32m  OK  [0m] Started Raise network interfaces.
[[0;32m  OK  [0m] Reached target Network.
         Starting Initial cloud-init job (metadata service crawler)...
[   25.109824] cloud-init[954]: Cloud-init v. 19.1-1-gbaa47854-0ubuntu1~16.04.1 running 'init' at Fri, 23 Aug 2019 15:45:11 +0000. Up 22.29 seconds.
[   25.338070] cloud-init[954]: ci-info: ++++++++++++++++++++++++++++++++++++++Net device info++++++++++++++++++++++++++++++++++++++
[[0;32m  OK  [0m] Started Initial cloud-init job (metadata service crawler).
[   25.348467] [cloud-init[0;32m  OK  [0m[954]: ] ci-info: +--------+------+----------------------------+---------------+--------+-------------------+Reached target Network is Online.

[   25.349088] cloud-init[954]: ci-info: | Device |  Up  |          Address           |      Mask     | Scope  |     Hw-Address    |
[   25.525164] cloud-init[954]: ci-info: +--------+------+----------------------------+---------------+--------+-------------------+
[   25.528287] cloud-init[954]: ci-info: | enp0s3 | True |         10.0.2.15          | 255.255.255.0 | global | 02:1e:e5:6d:71:21 |
[   25.552591] cloud-init[954]: ci-info: | enp0s3 | True | fe80::1e:e5ff:fe6d:7121/64 |       .       |  link  | 02:1e:e5:6d:71:21 |
         Starting iSCSI initiator daemon (iscsid)...
[[0;32m  OK  [0m] Reached target Cloud-config availability.
[[0;32m  OK  [0m] Reached target System Initialization.
[[0;32m  OK  [0m] Listening on UUID daemon activation socket.
[   25.553550] cloud-init[954]: ci-info: |   lo   | True |         127.0.0.1          |   255.0.0.0   |  host  |         .         |
         Starting LXD - unix socket.
[   25.667847] cloud-init[954]: ci-info: |   lo   | True |          ::1/128           |       .       |  host  |         .         |
[   25.698695] cloud-init[954]: ci-info: +--------+------+----------------------------+---------------+--------+-------------------+
[   25.720613] cloud-init[954]: ci-info: +++++++++++++++++++++++++++Route IPv4 info++++++++++++++++++++++++++++
[   25.823727] cloud-init[954]: ci-info: +-------+-------------+----------+---------------+-----------+-------+
[[0;32m  OK  [0m] Started ACPI Events Check.
[[0;32m  OK  [0m] Reached target Paths.
[   25.830218] cloud-init[954]: ci-info: | Route | Destination | Gateway  |    Genmask    | Interface | Flags |
[[0;32m  OK  [0m] Started Daily Cleanup of Temporary Directories.
[   25.842299] cloud-init[954]: ci-info: +-------+-------------+----------+---------------+-----------+-------+
[   25.853972] cloud-init[954]: ci-info: |   0   |   0.0.0.0   | 10.0.2.2 |    0.0.0.0    |   enp0s3  |   UG  |
         Starting Socket activation for snappy daemon.
[   25.881219] cloud-init[954]: ci-info: |   1   |   10.0.2.0  | 0.0.0.0  | 255.255.255.0 |   enp0s3  |   U   |
[[0;32m  OK  [0m] Listening on D-Bus System Message Bus Socket.
[[0;32m  OK  [0m] Listening on ACPID Listen Socket.
[   26.035051] cloud-init[954]: ci-info: +-------+-------------+----------+---------------+-----------+-------+
[   26.092147] cloud-init[954]: ci-info: +++++++++++++++++++Route IPv6 info+++++++++++++++++++
[   26.094036] cloud-init[954]: ci-info: +-------+-------------+---------+-----------+-------+
[[0;32m  OK  [0m] Started Daily apt download activities.
[   26.094753] cloud-init[954]: ci-info: | Route | Destination | Gateway | Interface | Flags |
[   26.134078] cloud-init[954]: ci-info: +-------+-------------+---------+-----------+-------+
[   26.153908] cloud-init[954]: ci-info: |   0   |  fe80::/64  |    ::   |   enp0s3  |   U   |
[   26.159986] cloud-init[954]: ci-info: |   4   |   ff00::/8  |    ::   |   enp0s3  |   U   |
[   26.166195] cloud-init[954]: ci-info: +-------+-------------+---------+-----------+-------+
[[0;32m  OK  [0m] Started Daily apt upgrade and clean activities.
[   26.178097] cloud-init[954]: Generating public/private rsa key pair.
[   26.183883] cloud-init[954]: Your identification has been saved in /etc/ssh/ssh_host_rsa_key.
[   26.191142] cloud-init[954]: Your public key has been saved in /etc/ssh/ssh_host_rsa_key.pub.
[[0;32m  OK  [0m] Reached target Timers.
[   26.198274] cloud-init[954]: The key fingerprint is:
[   26.206469] cloud-init[954]: SHA256:1ZVx9gFNQqpBsLAz9u0VNuN6eCBUGYqhMjj+AiUk/U0 root@ubuntu-xenial
[   26.212307] cloud-init[954]: The key's randomart image is:
[   26.215769] cloud-init[954]: +---[RSA 2048]----+
[   26.218889] cloud-init[954]: |.o   o ..+o .+*=o|
[   26.222195] cloud-init[954]: |+ . . E =. ...o+o|
[   26.226491] cloud-init[954]: |+o.o O + ..*.   .|
[   26.231844] cloud-init[954]: |.+o o * ..= +    |
[   26.233946] cloud-init[954]: |..     oS+ o     |
[   26.240455] cloud-init[954]: |. .     o =      |
[   26.252526] cloud-init[954]: | . .     + o     |
[   26.254133] cloud-init[954]: |  .       o      |
[   26.254373] cloud-init[954]: |                 |
[   26.254689] cloud-init[954]: +----[SHA256]-----+
[   26.255061] cloud-init[954]: Generating public/private dsa key pair.
[   26.255353] cloud-init[954]: Your identification has been saved in /etc/ssh/ssh_host_dsa_key.
[   26.255587] cloud-init[954]: Your public key has been saved in /etc/ssh/ssh_host_dsa_key.pub.
[   26.255824] cloud-init[954]: The key fingerprint is:
[   26.256068] cloud-init[954]: SHA256:3mTptfotIWxj3C3BpDXVM7yC8qnzovLTU9j17BBTXno root@ubuntu-xenial
[   26.256346] cloud-init[954]: The key's randomart image is:
[   26.256590] cloud-init[954]: +---[DSA 1024]----+
[   26.256821] cloud-init[954]: |             .o. |
[   26.257053] cloud-init[954]: |            +  =o|
[   26.257295] cloud-init[954]: |           =..o.=|
[   26.257566] cloud-init[954]: |         ..oo=.oE|
[   26.257809] cloud-init[954]: |        SoO.+o*. |
[   26.258042] cloud-init[954]: |       . *B*+o.o |
[   26.258314] cloud-init[954]: |        oo=o.oo  |
[   26.258554] cloud-init[954]: |     . . * ... . |
[   26.258787] cloud-init[954]: |      ooo *o...  |
[   26.259025] cloud-init[954]: +----[SHA256]-----+
[   26.259259] cloud-init[954]: Generating public/private ecdsa key pair.
[   26.259500] cloud-init[954]: Your identification has been saved in /etc/ssh/ssh_host_ecdsa_key.
[   26.259746] cloud-init[954]: Your public key has been saved in /etc/ssh/ssh_host_ecdsa_key.pub.
[   26.259980] cloud-init[954]: The key fingerprint is:
[   26.260208] cloud-init[954]: SHA256:pnA348/p5vhndHX2b/odYP6aipJuNkZi3tKM1P3d4Vs root@ubuntu-xenial
[   26.260450] cloud-init[954]: The key's randomart image is:
[   26.260720] cloud-init[954]: +---[ECDSA 256]---+
[   26.260959] cloud-init[954]: |                 |
[   26.261192] cloud-init[954]: |                 |
[   26.271040] cloud-init[954]: |                 |
[   26.273219] cloud-init[954]: |                +|
[   26.273469] cloud-init[954]: |    . o S    o oo|
[   26.273705] cloud-init[954]: |     * B +  + o..|
[   26.273957] cloud-init[954]: |    + O o ...oo.E|
[   26.274195] cloud-init[954]: |     + @ +ooo.oo*|
[   26.274438] cloud-init[954]: |      *.+*B+.oo*+|
[   26.274666] cloud-init[954]: +----[SHA256]-----+
[   26.274907] cloud-init[954]: Generating public/private ed25519 key pair.
[   26.275154] cloud-init[954]: Your identification has been saved in /etc/ssh/ssh_host_ed25519_key.
[   26.275448] cloud-init[954]: Your public key has been saved in /etc/ssh/ssh_host_ed25519_key.pub.
[   26.275688] cloud-init[954]: The key fingerprint is:
[   26.275922] cloud-init[954]: SHA256:yUfjjuMu9jqqpO70jz6WPGewAkidsy1NA2oujuGMCBM root@ubuntu-xenial
[   26.276158] cloud-init[954]: The key's randomart image is:
[   26.276399] cloud-init[954]: +--[ED25519 256]--+
[   26.276837] cloud-init[954]: |                 |
[   26.277253] cloud-init[954]: |   .             |
[   26.277508] cloud-init[954]: |  o o     o      |
[   26.277742] cloud-init[954]: |E+ + o . + .     |
[   26.277983] cloud-init[954]: |=.  * . S o      |
[   26.278212] cloud-init[954]: |B. + o   +       |
[   26.278440] cloud-init[954]: |@+o =   o .      |
[   26.278729] cloud-init[954]: |=B.B.o+. .       |
[   26.290356] cloud-init[954]: |+o==B+.*+        |
[   26.293327] cloud-init[954]: +----[SHA256]-----+
[[0;32m  OK  [0m] Listening on LXD - unix socket.
[[0;32m  OK  [0m] Listening on Socket activation for snappy daemon.
[[0;32m  OK  [0m] Started iSCSI initiator daemon (iscsid).
         Starting Login to default iSCSI targets...
[[0;32m  OK  [0m] Reached target Sockets.
[[0;32m  OK  [0m] Reached target Basic System.
[[0;32m  OK  [0m] Started D-Bus System Message Bus.
         Starting Login Service...
[[0;32m  OK  [0m] Started Deferred execution scheduler.
[[0;32m  OK  [0m] Started Regular background program processing daemon.
[[0;32m  OK  [0m] Started FUSE filesystem for LXC.
         Starting Virtualbox guest utils...
         Starting LSB: MD monitoring daemon...
         Starting LSB: Record successful boot for GRUB...
[[0;32m  OK  [0m] Started ACPI event daemon.
         Starting Accounts Service...
         Starting System Logging Service...
         Starting Snappy daemon...
         Starting /etc/rc.local Compatibility...
         Starting Pollinate to seed the pseudo random number generator...
         Starting LXD - container startup/shutdown...
[[0;32m  OK  [0m] Started /etc/rc.local Compatibility.
[[0;32m  OK  [0m] Started System Logging Service.
[[0;32m  OK  [0m] Started Login Service.
[[0;32m  OK  [0m] Started Unattended Upgrades Shutdown.
[[0;32m  OK  [0m] Started Login to default iSCSI targets.
[[0;32m  OK  [0m] Reached target Remote File Systems (Pre).
[[0;32m  OK  [0m] Reached target Remote File Systems.
         Starting LSB: daemon to balance interrupts for SMP systems...
         Starting LSB: Set the CPU Frequency Scaling governor to "ondemand"...
         Starting LSB: automatic crash report generation...
         Starting Permit User Sessions...
[[0;32m  OK  [0m] Started LSB: MD monitoring daemon.
[[0;32m  OK  [0m] Started Permit User Sessions.
[[0;32m  OK  [0m] Started LSB: Record successful boot for GRUB.
         Starting Hold until boot process finishes up...
         Starting Terminate Plymouth Boot Screen...
         Starting Authenticate and Authorize Users to Run Privileged Tasks...
[[0;32m  OK  [0m] Started Hold until boot process finishes up.
[[0;32m  OK  [0m] Started Getty on tty1.
         Starting Set console scheme...
[[0;32m  OK  [0m] Started Serial Getty on ttyS0.
[[0;32m  OK  [0m] Reached target Login Prompts.
[[0;32m  OK  [0m] Started Terminate Plymouth Boot Screen.
[[0;32m  OK  [0m] Started Set console scheme.
[[0;32m  OK  [0m] Started Authenticate and Authorize Users to Run Privileged Tasks.
[[0;32m  OK  [0m] Started Accounts Service.
[[0;32m  OK  [0m] Started LSB: daemon to balance interrupts for SMP systems.
[[0;32m  OK  [0m] Started LSB: Set the CPU Frequency Scaling governor to "ondemand".
[[0;32m  OK  [0m] Started LSB: automatic crash report generation.
[[0;32m  OK  [0m] Started LXD - container startup/shutdown.
[[0;32m  OK  [0m] Started Virtualbox guest utils.
[[0;32m  OK  [0m] Started Snappy daemon.
         Starting Wait until snapd is fully seeded...
[[0;32m  OK  [0m] Started Pollinate to seed the pseudo random number generator.
         Starting OpenBSD Secure Shell server...
[[0;32m  OK  [0m] Started OpenBSD Secure Shell server.
[[0;32m  OK  [0m] Created slice User Slice of vagrant.
         Starting User Manager for UID 1000...
[[0;32m  OK  [0m] Started Session 1 of user vagrant.
[[0;32m  OK  [0m] Started User Manager for UID 1000.

Ubuntu 16.04.6 LTS ubuntu-xenial ttyS0

ubuntu-xenial login: [   37.233731] cloud-init[1370]: Generating locales (this might take a while)...
[   40.641930] cloud-init[1370]:   en_US.UTF-8... done
[   40.650940] cloud-init[1370]: Generation complete.
[   42.401053] cloud-init[1370]: Cloud-init v. 19.1-1-gbaa47854-0ubuntu1~16.04.1 running 'modules:config' at Fri, 23 Aug 2019 15:45:26 +0000. Up 36.54 seconds.
ci-info: no authorized ssh keys fingerprints found for user ubuntu.
<14>Aug 23 15:45:33 ec2: 
<14>Aug 23 15:45:33 ec2: #############################################################
<14>Aug 23 15:45:33 ec2: -----BEGIN SSH HOST KEY FINGERPRINTS-----
<14>Aug 23 15:45:33 ec2: 1024 SHA256:3mTptfotIWxj3C3BpDXVM7yC8qnzovLTU9j17BBTXno root@ubuntu-xenial (DSA)
<14>Aug 23 15:45:33 ec2: 256 SHA256:pnA348/p5vhndHX2b/odYP6aipJuNkZi3tKM1P3d4Vs root@ubuntu-xenial (ECDSA)
<14>Aug 23 15:45:33 ec2: 256 SHA256:yUfjjuMu9jqqpO70jz6WPGewAkidsy1NA2oujuGMCBM root@ubuntu-xenial (ED25519)
<14>Aug 23 15:45:33 ec2: 2048 SHA256:1ZVx9gFNQqpBsLAz9u0VNuN6eCBUGYqhMjj+AiUk/U0 root@ubuntu-xenial (RSA)
<14>Aug 23 15:45:33 ec2: -----END SSH HOST KEY FINGERPRINTS-----
<14>Aug 23 15:45:33 ec2: #############################################################
-----BEGIN SSH HOST KEY KEYS-----
ecdsa-sha2-nistp256 AAAAE2VjZHNhLXNoYTItbmlzdHAyNTYAAAAIbmlzdHAyNTYAAABBBLp9xLur1+yZDit9wKnJ5hSi7Yr6uSZInB1blEgf8UEO16ySpJnz8OxrkxOcbldtXaz3ZiBttTiZ6gPRok4SvAg= root@ubuntu-xenial
ssh-ed25519 AAAAC3NzaC1lZDI1NTE5AAAAIHiY8nAfbGedak16kN4s8fwQxNs0AXSxi2DGiAEs6EJJ root@ubuntu-xenial
ssh-rsa AAAAB3NzaC1yc2EAAAADAQABAAABAQDo9ewQsX6fPrqDFR9BwKBbk2nP41TgCT4PBSAMxbeJioCjQTbEJr2OPkLZxGQjiv4raW9WVqEJl5gdJDrrYXkObiGL0QJFhXrv/mCbBFHKIaJy6sdz1lStl4H7BFuY4i9zknEUqPRCxrJqH4RCVBBQfv3izlvNq5B9hVJ874IQCHiL/AyEOwx3QDEJWxnpYjJsyCjS6oQfOLVn/ECg9z7/iitDA7etU5LcK3n+nEg98us5NwpxXZVO0WOc3lvdrvd3hNuZhyebOBIUO+5+rpTzrinmd55vYPspamIRKggRtib0M2qGtT91E/cH7RxgXmjJhr+f0yF5prfgs7ws9PoT root@ubuntu-xenial
-----END SSH HOST KEY KEYS-----
[   44.473382] cloud-init[1534]: Cloud-init v. 19.1-1-gbaa47854-0ubuntu1~16.04.1 running 'modules:final' at Fri, 23 Aug 2019 15:45:33 +0000. Up 43.52 seconds.
[   44.485150] cloud-init[1534]: ci-info: no authorized ssh keys fingerprints found for user ubuntu.
[   44.485797] cloud-init[1534]: Cloud-init v. 19.1-1-gbaa47854-0ubuntu1~16.04.1 finished at Fri, 23 Aug 2019 15:45:33 +0000. Datasource DataSourceNoCloud [seed=/dev/sdb][dsmode=net].  Up 44.32 seconds
