[    0.000000] Initializing cgroup subsys cpuset
[    0.000000] Initializing cgroup subsys cpu
[    0.000000] Initializing cgroup subsys cpuacct
[    0.000000] Linux version 4.4.0-154-generic (buildd@lgw01-amd64-049) (gcc version 5.4.0 20160609 (Ubuntu 5.4.0-6ubuntu1~16.04.10) ) #181-Ubuntu SMP Tue Jun 25 05:29:03 UTC 2019 (Ubuntu 4.4.0-154.181-generic 4.4.179)
[    0.000000] Command line: BOOT_IMAGE=/boot/vmlinuz-4.4.0-154-generic root=LABEL=cloudimg-rootfs ro console=tty1 console=ttyS0
[    0.000000] KERNEL supported cpus:
[    0.000000]   Intel GenuineIntel
[    0.000000]   AMD AuthenticAMD
[    0.000000]   Centaur CentaurHauls
[    0.000000] x86/fpu: Legacy x87 FPU detected.
[    0.000000] e820: BIOS-provided physical RAM map:
[    0.000000] BIOS-e820: [mem 0x0000000000000000-0x000000000009fbff] usable
[    0.000000] BIOS-e820: [mem 0x000000000009fc00-0x000000000009ffff] reserved
[    0.000000] BIOS-e820: [mem 0x00000000000f0000-0x00000000000fffff] reserved
[    0.000000] BIOS-e820: [mem 0x0000000000100000-0x000000002cfeffff] usable
[    0.000000] BIOS-e820: [mem 0x000000002cff0000-0x000000002cffffff] ACPI data
[    0.000000] BIOS-e820: [mem 0x00000000fec00000-0x00000000fec00fff] reserved
[    0.000000] BIOS-e820: [mem 0x00000000fee00000-0x00000000fee00fff] reserved
[    0.000000] BIOS-e820: [mem 0x00000000fffc0000-0x00000000ffffffff] reserved
[    0.000000] NX (Execute Disable) protection: active
[    0.000000] SMBIOS 2.5 present.
[    0.000000] Hypervisor detected: KVM
[    0.000000] e820: last_pfn = 0x2cff0 max_arch_pfn = 0x400000000
[    0.000000] MTRR: Disabled
[    0.000000] x86/PAT: MTRRs disabled, skipping PAT initialization too.
[    0.000000] CPU MTRRs all blank - virtualized system.
[    0.000000] x86/PAT: Configuration [0-7]: WB  WT  UC- UC  WB  WT  UC- UC  
[    0.000000] found SMP MP-table at [mem 0x0009fff0-0x0009ffff] mapped at [ffff88000009fff0]
[    0.000000] Scanning 1 areas for low memory corruption
[    0.000000] RAMDISK: [mem 0x2b8be000-0x2c738fff]
[    0.000000] ACPI: Early table checksum verification disabled
[    0.000000] ACPI: RSDP 0x00000000000E0000 000024 (v02 VBOX  )
[    0.000000] ACPI: XSDT 0x000000002CFF0030 00003C (v01 VBOX   VBOXXSDT 00000001 ASL  00000061)
[    0.000000] ACPI: FACP 0x000000002CFF00F0 0000F4 (v04 VBOX   VBOXFACP 00000001 ASL  00000061)
[    0.000000] ACPI: DSDT 0x000000002CFF0470 0021FF (v02 VBOX   VBOXBIOS 00000002 INTL 20180105)
[    0.000000] ACPI: FACS 0x000000002CFF0200 000040
[    0.000000] ACPI: FACS 0x000000002CFF0200 000040
[    0.000000] ACPI: APIC 0x000000002CFF0240 000054 (v02 VBOX   VBOXAPIC 00000001 ASL  00000061)
[    0.000000] ACPI: SSDT 0x000000002CFF02A0 0001CC (v01 VBOX   VBOXCPUT 00000002 INTL 20180105)
[    0.000000] No NUMA configuration found
[    0.000000] Faking a node at [mem 0x0000000000000000-0x000000002cfeffff]
[    0.000000] NODE_DATA(0) allocated [mem 0x2cfeb000-0x2cfeffff]
[    0.000000] kvm-clock: Using msrs 4b564d01 and 4b564d00
[    0.000000] kvm-clock: cpu 0, msr 0:2cfe3001, primary cpu clock
[    0.000000] kvm-clock: using sched offset of 7442145760 cycles
[    0.000000] clocksource: kvm-clock: mask: 0xffffffffffffffff max_cycles: 0x1cd42e4dffb, max_idle_ns: 881590591483 ns
[    0.000000] Zone ranges:
[    0.000000]   DMA      [mem 0x0000000000001000-0x0000000000ffffff]
[    0.000000]   DMA32    [mem 0x0000000001000000-0x000000002cfeffff]
[    0.000000]   Normal   empty
[    0.000000]   Device   empty
[    0.000000] Movable zone start for each node
[    0.000000] Early memory node ranges
[    0.000000]   node   0: [mem 0x0000000000001000-0x000000000009efff]
[    0.000000]   node   0: [mem 0x0000000000100000-0x000000002cfeffff]
[    0.000000] Initmem setup node 0 [mem 0x0000000000001000-0x000000002cfeffff]
[    0.000000] ACPI: PM-Timer IO Port: 0x4008
[    0.000000] IOAPIC[0]: apic_id 1, version 32, address 0xfec00000, GSI 0-23
[    0.000000] ACPI: INT_SRC_OVR (bus 0 bus_irq 0 global_irq 2 dfl dfl)
[    0.000000] ACPI: INT_SRC_OVR (bus 0 bus_irq 9 global_irq 9 low level)
[    0.000000] Using ACPI (MADT) for SMP configuration information
[    0.000000] smpboot: Allowing 1 CPUs, 0 hotplug CPUs
[    0.000000] PM: Registered nosave memory: [mem 0x00000000-0x00000fff]
[    0.000000] PM: Registered nosave memory: [mem 0x0009f000-0x0009ffff]
[    0.000000] PM: Registered nosave memory: [mem 0x000a0000-0x000effff]
[    0.000000] PM: Registered nosave memory: [mem 0x000f0000-0x000fffff]
[    0.000000] e820: [mem 0x2d000000-0xfebfffff] available for PCI devices
[    0.000000] Booting paravirtualized kernel on KVM
[    0.000000] clocksource: refined-jiffies: mask: 0xffffffff max_cycles: 0xffffffff, max_idle_ns: 7645519600211568 ns
[    0.000000] setup_percpu: NR_CPUS:512 nr_cpumask_bits:512 nr_cpu_ids:1 nr_node_ids:1
[    0.000000] PERCPU: Embedded 34 pages/cpu @ffff88002cc00000 s99480 r8192 d31592 u2097152
[    0.000000] Built 1 zonelists in Node order, mobility grouping on.  Total pages: 181304
[    0.000000] Policy zone: DMA32
[    0.000000] Kernel command line: BOOT_IMAGE=/boot/vmlinuz-4.4.0-154-generic root=LABEL=cloudimg-rootfs ro console=tty1 console=ttyS0
[    0.000000] PID hash table entries: 4096 (order: 3, 32768 bytes)
[    0.000000] Memory: 690668K/736824K available (8613K kernel code, 1335K rwdata, 4028K rodata, 1484K init, 1284K bss, 46156K reserved, 0K cma-reserved)
[    0.000000] SLUB: HWalign=64, Order=0-3, MinObjects=0, CPUs=1, Nodes=1
[    0.000000] Kernel/User page tables isolation: enabled
[    0.000000] Hierarchical RCU implementation.
[    0.000000] 	Build-time adjustment of leaf fanout to 64.
[    0.000000] 	RCU restricting CPUs from NR_CPUS=512 to nr_cpu_ids=1.
[    0.000000] RCU: Adjusting geometry for rcu_fanout_leaf=64, nr_cpu_ids=1
[    0.000000] NR_IRQS:33024 nr_irqs:256 16
[    0.000000] Console: colour VGA+ 80x25
[    0.000000] console [tty1] enabled
[    0.000000] console [ttyS0] enabled
[    0.000000] tsc: Detected 2992.498 MHz processor
[    0.931009] Calibrating delay loop (skipped) preset value.. 5984.99 BogoMIPS (lpj=11969992)
[    0.934035] pid_max: default: 32768 minimum: 301
[    0.935619] ACPI: Core revision 20150930
[    0.938338] ACPI: 2 ACPI AML tables successfully acquired and loaded
[    0.940569] Security Framework initialized
[    0.942095] Yama: becoming mindful.
[    0.943494] AppArmor: AppArmor initialized
[    0.945114] Dentry cache hash table entries: 131072 (order: 8, 1048576 bytes)
[    1.024670] Inode-cache hash table entries: 65536 (order: 7, 524288 bytes)
[    1.026947] Mount-cache hash table entries: 2048 (order: 2, 16384 bytes)
[    1.029055] Mountpoint-cache hash table entries: 2048 (order: 2, 16384 bytes)
[    1.130466] Initializing cgroup subsys io
[    1.131962] Initializing cgroup subsys memory
[    1.133498] Initializing cgroup subsys devices
[    1.135076] Initializing cgroup subsys freezer
[    1.136626] Initializing cgroup subsys net_cls
[    1.138207] Initializing cgroup subsys perf_event
[    1.139811] Initializing cgroup subsys net_prio
[    1.141427] Initializing cgroup subsys hugetlb
[    1.142974] Initializing cgroup subsys pids
[    1.144600] mce: CPU supports 0 MCE banks
[    1.146370] process: using mwait in idle threads
[    1.158038] Last level iTLB entries: 4KB 128, 2MB 4, 4MB 4
[    1.159820] Last level dTLB entries: 4KB 256, 2MB 0, 4MB 32, 1GB 0
[    1.161820] Spectre V2 : Mitigation: Full generic retpoline
[    1.177978] Spectre V2 : Spectre v2 / SpectreRSB mitigation: Filling RSB on context switch
[    1.332449] Speculative Store Bypass: Vulnerable
[    1.334998] MDS: Vulnerable: Clear CPU buffers attempted, no microcode
[    1.957172] Freeing SMP alternatives memory: 36K
[    1.984759] ftrace: allocating 32299 entries in 127 pages
[    2.095221] smpboot: APIC(0) Converting physical 0 to logical package 0
[    2.169019] smpboot: Max logical packages: 1
[    2.171265] x2apic enabled
[    2.172950] Switched APIC routing to physical x2apic.
[    2.176970] ..TIMER: vector=0x30 apic1=0 pin1=2 apic2=-1 pin2=-1
[    2.181065] APIC calibration not consistent with PM-Timer: 200ms instead of 100ms
[    2.189027] APIC delta adjusted to PM-Timer: 6249960 (12500637)
[    2.190983] smpboot: CPU0: Intel(R) Core(TM)2 Duo CPU     E8400  @ 3.00GHz (family: 0x6, model: 0x17, stepping: 0xa)
[    2.194685] Performance Events: unsupported p6 CPU model 23 no PMU driver, software events only.
[    2.407866] KVM setup paravirtual spinlock
[    2.470533] x86: Booted up 1 node, 1 CPUs
[    2.472003] smpboot: Total of 1 processors activated (5984.99 BogoMIPS)
[    2.474546] devtmpfs: initialized
[    2.478573] evm: security.selinux
[    2.488165] evm: security.SMACK64
[    2.489448] evm: security.SMACK64EXEC
[    2.490825] evm: security.SMACK64TRANSMUTE
[    2.492288] evm: security.SMACK64MMAP
[    2.508193] evm: security.ima
[    2.509391] evm: security.capability
[    2.510902] clocksource: jiffies: mask: 0xffffffff max_cycles: 0xffffffff, max_idle_ns: 7645041785100000 ns
[    2.574779] futex hash table entries: 256 (order: 2, 16384 bytes)
[    2.593527] pinctrl core: initialized pinctrl subsystem
[    2.599635] RTC time: 16:36:13, date: 08/23/19
[    2.601506] NET: Registered protocol family 16
[    2.603640] cpuidle: using governor ladder
[    2.684776] cpuidle: using governor menu
[    2.686223] PCCT header not found.
[    2.687639] ACPI: bus type PCI registered
[    2.689073] acpiphp: ACPI Hot Plug PCI Controller Driver version: 0.5
[    2.691224] PCI: Using configuration type 1 for base access
[    2.781203] ACPI: Added _OSI(Module Device)
[    2.782690] ACPI: Added _OSI(Processor Device)
[    2.784267] ACPI: Added _OSI(3.0 _SCP Extensions)
[    2.785875] ACPI: Added _OSI(Processor Aggregator Device)
[    2.788396] ACPI: Executed 1 blocks of module-level executable AML code
[    2.792969] ACPI: Interpreter enabled
[    2.794342] ACPI: (supports S0 S5)
[    2.795665] ACPI: Using IOAPIC for interrupt routing
[    2.814535] PCI: Using host bridge windows from ACPI; if necessary, use "pci=nocrs" and report a bug
[    2.822043] ACPI: PCI Root Bridge [PCI0] (domain 0000 [bus 00-ff])
[    2.823977] acpi PNP0A03:00: _OSC: OS supports [ASPM ClockPM Segments MSI]
[    2.826102] acpi PNP0A03:00: _OSC: not requesting OS control; OS requires [ExtendedConfig ASPM ClockPM MSI]
[    2.884987] acpi PNP0A03:00: fail to add MMCONFIG information, can't access extended PCI configuration space under this bridge.
[    2.888974] PCI host bridge to bus 0000:00
[    2.890430] pci_bus 0000:00: root bus resource [io  0x0000-0x0cf7 window]
[    2.892512] pci_bus 0000:00: root bus resource [io  0x0d00-0xffff window]
[    2.894591] pci_bus 0000:00: root bus resource [mem 0x000a0000-0x000bffff window]
[    2.928559] pci_bus 0000:00: root bus resource [mem 0x2d000000-0xfdffffff window]
[    3.008790] pci_bus 0000:00: root bus resource [bus 00-ff]
[    3.013043] pci 0000:00:01.1: legacy IDE quirk: reg 0x10: [io  0x01f0-0x01f7]
[    3.015184] pci 0000:00:01.1: legacy IDE quirk: reg 0x14: [io  0x03f6]
[    3.094614] pci 0000:00:01.1: legacy IDE quirk: reg 0x18: [io  0x0170-0x0177]
[    3.128856] pci 0000:00:01.1: legacy IDE quirk: reg 0x1c: [io  0x0376]
[    3.202816] pci 0000:00:07.0: quirk: [io  0x4000-0x403f] claimed by PIIX4 ACPI
[    3.209821] pci 0000:00:07.0: quirk: [io  0x4100-0x410f] claimed by PIIX4 SMB
[    3.219659] ACPI: PCI Interrupt Link [LNKA] (IRQs 5 9 10 *11)
[    3.298846] ACPI: PCI Interrupt Link [LNKB] (IRQs 5 9 *10 11)
[    3.301390] ACPI: PCI Interrupt Link [LNKC] (IRQs 5 *9 10 11)
[    3.325850] ACPI: PCI Interrupt Link [LNKD] (IRQs 5 9 10 *11)
[    3.328465] ACPI: Enabled 2 GPEs in block 00 to 07
[    3.339459] vgaarb: setting as boot device: PCI:0000:00:02.0
[    3.341291] vgaarb: device added: PCI:0000:00:02.0,decodes=io+mem,owns=io+mem,locks=none
[    3.344158] vgaarb: loaded
[    3.345296] vgaarb: bridge control possible 0000:00:02.0
[    3.405113] SCSI subsystem initialized
[    3.406913] ACPI: bus type USB registered
[    3.408474] usbcore: registered new interface driver usbfs
[    3.410291] usbcore: registered new interface driver hub
[    3.413364] usbcore: registered new device driver usb
[    3.415378] PCI: Using ACPI for IRQ routing
[    3.417586] NetLabel: Initializing
[    3.418914] NetLabel:  domain hash size = 128
[    3.420437] NetLabel:  protocols = UNLABELED CIPSOv4
[    3.422161] NetLabel:  unlabeled traffic allowed by default
[    3.424330] amd_nb: Cannot enumerate AMD northbridges
[    3.426136] clocksource: Switched to clocksource kvm-clock
[    3.440495] AppArmor: AppArmor Filesystem Enabled
[    3.448853] pnp: PnP ACPI init
[    3.504640] pnp: PnP ACPI: found 3 devices
[    3.616356] clocksource: acpi_pm: mask: 0xffffff max_cycles: 0xffffff, max_idle_ns: 2085701024 ns
[    3.630493] NET: Registered protocol family 2
[    3.632497] TCP established hash table entries: 8192 (order: 4, 65536 bytes)
[    3.634781] TCP bind hash table entries: 8192 (order: 5, 131072 bytes)
[    3.636873] TCP: Hash tables configured (established 8192 bind 8192)
[    3.638984] UDP hash table entries: 512 (order: 2, 16384 bytes)
[    3.640922] UDP-Lite hash table entries: 512 (order: 2, 16384 bytes)
[    3.643026] NET: Registered protocol family 1
[    3.644601] pci 0000:00:00.0: Limiting direct PCI/PCI transfers
[    3.648088] pci 0000:00:01.0: Activating ISA DMA hang workarounds
[    3.650336] Unpacking initramfs...
[    4.159758] Freeing initrd memory: 14828K
[    4.229700] clocksource: tsc: mask: 0xffffffffffffffff max_cycles: 0x2b2296bc2b9, max_idle_ns: 440795321505 ns
[    4.233066] platform rtc_cmos: registered platform RTC device (no PNP device found)
[    4.235904] Scanning for low memory corruption every 60 seconds
[    4.238153] audit: initializing netlink subsys (disabled)
[    4.239981] audit: type=2000 audit(1566578181.943:1): initialized
[    4.242263] Initialise system trusted keyring
[    4.243976] HugeTLB registered 2 MB page size, pre-allocated 0 pages
[    4.247898] zbud: loaded
[    4.249329] VFS: Disk quotas dquot_6.6.0
[    4.250801] VFS: Dquot-cache hash table entries: 512 (order 0, 4096 bytes)
[    4.253300] squashfs: version 4.0 (2009/01/31) Phillip Lougher
[    4.256243] fuse init (API version 7.23)
[    4.268305] Key type big_key registered
[    4.269725] Allocating IMA MOK and blacklist keyrings.
[    4.271933] Key type asymmetric registered
[    4.273405] Asymmetric key parser 'x509' registered
[    4.275160] Block layer SCSI generic (bsg) driver version 0.4 loaded (major 249)
[    4.277881] io scheduler noop registered
[    4.330070] io scheduler deadline registered (default)
[    4.338836] io scheduler cfq registered
[    4.340392] pci_hotplug: PCI Hot Plug PCI Core version: 0.5
[    4.342205] pciehp: PCI Express Hot Plug Controller Driver version: 0.4
[    4.344509] ACPI: AC Adapter [AC] (on-line)
[    4.346468] input: Power Button as /devices/LNXSYSTM:00/LNXPWRBN:00/input/input0
[    4.359377] ACPI: Power Button [PWRF]
[    4.360952] input: Sleep Button as /devices/LNXSYSTM:00/LNXSLPBN:00/input/input1
[    4.368875] ACPI: Sleep Button [SLPF]
[    4.370518] GHES: HEST is not enabled!
[    4.372094] Serial: 8250/16550 driver, 32 ports, IRQ sharing enabled
[    4.442892] 00:02: ttyS0 at I/O 0x3f8 (irq = 4, base_baud = 115200) is a 16550A
[    4.447545] Linux agpgart interface v0.103
[    4.450631] loop: module loaded
[    4.452803] scsi host0: ata_piix
[    4.454230] scsi host1: ata_piix
[    4.455648] ata1: PATA max UDMA/33 cmd 0x1f0 ctl 0x3f6 bmdma 0xd000 irq 14
[    4.457844] ata2: PATA max UDMA/33 cmd 0x170 ctl 0x376 bmdma 0xd008 irq 15
[    4.460797] libphy: Fixed MDIO Bus: probed
[    4.462857] tun: Universal TUN/TAP device driver, 1.6
[    4.533580] tun: (C) 1999-2004 Max Krasnyansky <maxk@qualcomm.com>
[    4.535637] PPP generic driver version 2.4.2
[    4.537276] ehci_hcd: USB 2.0 'Enhanced' Host Controller (EHCI) Driver
[    4.539334] ehci-pci: EHCI PCI platform driver
[    4.578486] ehci-platform: EHCI generic platform driver
[    4.639380] ohci_hcd: USB 1.1 'Open' Host Controller (OHCI) Driver
[    4.641323] ohci-pci: OHCI PCI platform driver
[    4.642918] ohci-platform: OHCI generic platform driver
[    4.663374] uhci_hcd: USB Universal Host Controller Interface driver
[    4.665436] i8042: PNP: PS/2 Controller [PNP0303:PS2K,PNP0f03:PS2M] at 0x60,0x64 irq 1,12
[    4.668998] serio: i8042 KBD port at 0x60,0x64 irq 1
[    4.670656] serio: i8042 AUX port at 0x60,0x64 irq 12
[    4.672514] mousedev: PS/2 mouse device common for all mice
[    4.674765] input: AT Translated Set 2 keyboard as /devices/platform/i8042/serio0/input/input2
[    4.678043] rtc_cmos rtc_cmos: rtc core: registered rtc_cmos as rtc0
[    4.742825] rtc_cmos rtc_cmos: alarms up to one day, 114 bytes nvram
[    4.744808] i2c /dev entries driver
[    4.778720] device-mapper: uevent: version 1.0.3
[    4.780386] device-mapper: ioctl: 4.34.0-ioctl (2015-10-28) initialised: dm-devel@redhat.com
[    4.848267] ledtrig-cpu: registered to indicate activity on CPUs
[    4.850567] NET: Registered protocol family 10
[    4.852502] NET: Registered protocol family 17
[    4.854055] Key type dns_resolver registered
[    4.856821] registered taskstats version 1
[    4.870668] Loading compiled-in X.509 certificates
[    4.878609] Loaded X.509 cert 'Build time autogenerated kernel key: 65139e04a67245b562a838c28b5e7032abdd4348'
[    4.951016] zswap: loaded using pool lzo/zbud
[    4.965048] Key type trusted registered
[    4.990615] Key type encrypted registered
[    4.992139] AppArmor: AppArmor sha1 policy hashing enabled
[    4.993948] ima: No TPM chip found, activating TPM-bypass!
[    4.996339] ima: Allocated hash algorithm: sha1
[    4.997957] evm: HMAC attrs: 0x1
[    5.050524]   Magic number: 15:20:642
[    5.052004] rtc_cmos rtc_cmos: setting system clock to 2019-08-23 16:36:16 UTC (1566578176)
[    5.054982] BIOS EDD facility v0.16 2004-Jun-25, 0 devices found
[    5.056911] EDD information not available.
[    5.083598] Freeing unused kernel memory: 1484K
[    5.098160] Write protecting the kernel read-only data: 14336k
[    5.153088] Freeing unused kernel memory: 1616K
[    5.158877] Freeing unused kernel memory: 68K
Loading, please wait...
starting version[    5.393445] random: systemd-udevd: uninitialized urandom read (16 bytes read, 4 bits of entropy available)
 229
[    5.410787] random: udevadm: uninitialized urandom read (16 bytes read, 4 bits of entropy available)
[    5.471204] random: systemd-udevd: uninitialized urandom read (16 bytes read, 4 bits of entropy available)
[    5.474466] random: systemd-udevd: uninitialized urandom read (16 bytes read, 4 bits of entropy available)
[    5.477706] random: systemd-udevd: uninitialized urandom read (16 bytes read, 4 bits of entropy available)
[    5.515289] random: udevadm: uninitialized urandom read (16 bytes read, 4 bits of entropy available)
[    5.619555] random: systemd-udevd: uninitialized urandom read (16 bytes read, 4 bits of entropy available)
[    5.722752] random: udevadm: uninitialized urandom read (16 bytes read, 4 bits of entropy available)
[    5.781392] random: systemd-udevd: uninitialized urandom read (16 bytes read, 4 bits of entropy available)
[    5.884850] random: udevadm: uninitialized urandom read (16 bytes read, 4 bits of entropy available)
[    6.652627] Fusion MPT base driver 3.04.20
[    6.658576] Copyright (c) 1999-2008 LSI Corporation
[    6.729457] e1000: Intel(R) PRO/1000 Network Driver - version 7.3.21-k8-NAPI
[    6.739212] e1000: Copyright (c) 1999-2006 Intel Corporation.
[    6.822789] Fusion MPT SPI Host driver 3.04.20
[    6.959334] input: ImExPS/2 Generic Explorer Mouse as /devices/platform/i8042/serio1/input/input4
[    8.019258] e1000 0000:00:03.0 eth0: (PCI:33MHz:32-bit) 02:1e:e5:6d:71:21
[    8.049428] e1000 0000:00:03.0 eth0: Intel(R) PRO/1000 Network Connection
[    8.056696] e1000 0000:00:03.0 enp0s3: renamed from eth0
[    8.068547] mptbase: ioc0: Initiating bringup
[    8.130644] ioc0: LSI53C1030 A0: Capabilities={Initiator}
[    8.303783] scsi host2: ioc0: LSI53C1030 A0, FwRev=00000000h, Ports=1, MaxQ=256, IRQ=20
[    8.419201] scsi 2:0:0:0: Direct-Access     VBOX     HARDDISK         1.0  PQ: 0 ANSI: 5
[    8.456449] scsi target2:0:0: Beginning Domain Validation
[    8.473336] scsi target2:0:0: Domain Validation skipping write tests
[    8.480205] scsi target2:0:0: Ending Domain Validation
[    8.518296] scsi target2:0:0: asynchronous
[    8.568664] scsi 2:0:1:0: Direct-Access     VBOX     HARDDISK         1.0  PQ: 0 ANSI: 5
[    8.571560] scsi target2:0:1: Beginning Domain Validation
[    8.581713] scsi target2:0:1: Domain Validation skipping write tests
[    8.587896] scsi target2:0:1: Ending Domain Validation
[    8.590460] scsi target2:0:1: asynchronous
[    8.607688] sd 2:0:0:0: Attached scsi generic sg0 type 0
[    8.609515] sd 2:0:0:0: [sda] 20971520 512-byte logical blocks: (10.7 GB/10.0 GiB)
[    8.672391] sd 2:0:1:0: Attached scsi generic sg1 type 0
[    8.674657] sd 2:0:1:0: [sdb] 20480 512-byte logical blocks: (10.5 MB/10.0 MiB)
[    8.678250] sd 2:0:1:0: [sdb] Write Protect is off
[    8.680024] sd 2:0:1:0: [sdb] Incomplete mode parameter data
[    8.695493] sd 2:0:1:0: [sdb] Assuming drive cache: write through
[    8.719790] sd 2:0:0:0: [sda] Write Protect is off
[    8.773029] sd 2:0:0:0: [sda] Incomplete mode parameter data
[    8.774896] sd 2:0:0:0: [sda] Assuming drive cache: write through
[    8.807562]  sda: sda1
[    8.875073] sd 2:0:1:0: [sdb] Attached SCSI disk
[    8.877176] sd 2:0:0:0: [sda] Attached SCSI disk
Begin: Loading essential drivers ... [   12.311587] md: linear personality registered for level -1
[   12.401525] md: multipath personality registered for level -4
[   12.431514] md: raid0 personality registered for level 0
[   12.519575] md: raid1 personality registered for level 1
[   12.702754] raid6: sse2x1   gen()  3749 MB/s
[   12.807788] raid6: sse2x1   xor()  3067 MB/s
[   12.910440] raid6: sse2x2   gen()  3667 MB/s
[   13.012747] raid6: sse2x2   xor()  4617 MB/s
[   13.117809] raid6: sse2x4   gen()  5812 MB/s
[   13.222750] raid6: sse2x4   xor()  3459 MB/s
[   13.258520] raid6: using algorithm sse2x4 gen() 5812 MB/s
[   13.327923] raid6: .... xor() 3459 MB/s, rmw enabled
[   13.329568] raid6: using ssse3x2 recovery algorithm
[   13.347236] xor: measuring software checksum speed
[   13.475996]    prefetch64-sse: 28141.000 MB/sec
[   13.642944]    generic_sse: 21175.000 MB/sec
[   13.645564] xor: using function: prefetch64-sse (28141.000 MB/sec)
[   13.659725] async_tx: api initialized (async)
[   13.848226] md: raid6 personality registered for level 6
[   13.858811] md: raid5 personality registered for level 5
[   13.872460] md: raid4 personality registered for level 4
[   13.992743] md: raid10 personality registered for level 10
done.
Begin: Running /scripts/init-premount ... done.
Begin: Mounting root file system ... Begin: Running /scripts/local-top ... done.
Begin: Running /scripts/local-premount ... [   14.368431] Btrfs loaded
Scanning for Btrfs filesystems
done.
Warning: fsck not present, so skipping root file system
[   14.823903] EXT4-fs (sda1): mounted filesystem with ordered data mode. Opts: (null)
done.
Begin: Running /scripts/local-bottom ... done.
Begin: Running /scripts/init-bottom ... done.
[   15.546586] random: nonblocking pool is initialized
[   15.799965] systemd[1]: systemd 229 running in system mode. (+PAM +AUDIT +SELINUX +IMA +APPARMOR +SMACK +SYSVINIT +UTMP +LIBCRYPTSETUP +GCRYPT +GNUTLS +ACL +XZ -LZ4 +SECCOMP +BLKID +ELFUTILS +KMOD -IDN)
[   15.910819] systemd[1]: Detected virtualization oracle.
[   15.912571] systemd[1]: Detected architecture x86-64.

Welcome to [1mUbuntu 16.04.6 LTS[0m!

[   15.949010] systemd[1]: Set hostname to <ubuntu>.
[   15.967772] systemd[1]: Initializing machine ID from random generator.
[   15.969973] systemd[1]: Installed transient /etc/machine-id file.
[   17.239213] systemd[1]: Reached target System Time Synchronized.
[[0;32m  OK  [0m] Reached target System Time Synchronized.
[   17.261859] systemd[1]: Listening on Journal Socket.
[[0;32m  OK  [0m] Listening on Journal Socket.
[   17.265611] systemd[1]: Listening on LVM2 poll daemon socket.
[[0;32m  OK  [0m] Listening on LVM2 poll daemon socket.
[   17.270754] systemd[1]: Listening on udev Kernel Socket.
[[0;32m  OK  [0m] Listening on udev Kernel Socket.
[   17.274404] systemd[1]: Reached target User and Group Name Lookups.
[[0;32m  OK  [0m] Reached target User and Group Name Lookups.
[   17.356561] systemd[1]: Listening on /dev/initctl Compatibility Named Pipe.
[[0;32m  OK  [0m] Listening on /dev/initctl Compatibility Named Pipe.
[   17.361713] systemd[1]: Set up automount Arbitrary Executable File Formats File System Automount Point.
[[0;32m  OK  [0m] Set up automount Arbitrary Executab...ats File System Automount Point.
[   17.367534] systemd[1]: Listening on Device-mapper event daemon FIFOs.
[[0;32m  OK  [0m] Listening on Device-mapper event daemon FIFOs.
[   17.371668] systemd[1]: Reached target Encrypted Volumes.
[[0;32m  OK  [0m] Reached target Encrypted Volumes.
[   17.462631] systemd[1]: Created slice System Slice.
[[0;32m  OK  [0m] Created slice System Slice.
[   17.469927] systemd[1]: Starting Nameserver information manager...
         Starting Nameserver information manager...
[   17.487438] systemd[1]: Created slice system-serial\x2dgetty.slice.
[[0;32m  OK  [0m] Created slice system-serial\x2dgetty.slice.
[   17.510384] systemd[1]: Starting Uncomplicated firewall...
         Starting Uncomplicated firewall...
[   17.615875] systemd[1]: Mounting Debug File System...
         Mounting Debug File System...
[   17.714273] systemd[1]: Mounting Huge Pages File System...
         Mounting Huge Pages File System...
[   17.781007] systemd[1]: Starting Remount Root and Kernel File Systems...
         Starting Remount Root and Kernel File Systems...
[   17.810764] systemd[1]: Listening on udev Control Socket.
[[0;32m  OK  [0m] Listening on udev Control Socket.
[   17.883472] systemd[1]: Started Trigger resolvconf update for networkd DNS.
[[0;32m  OK  [0m] Started Trigger resolvconf update for networkd DNS.
[   17.888411] systemd[1]: Started Forward Password Requests to Wall Directory Watch.
[[0;32m  OK  [0[   17.918023] EXT4-fs (sda1): re-mounted. Opts: (null)
m] Started Forward Password Requests to Wall Directory Watch.
[   17.990370] systemd[1]: Reached target Swap.
[[0;32m  OK  [0m] Reached target Swap.
[   18.030699] systemd[1]: Listening on Syslog Socket.
[[0;32m  OK  [0m] Listening on Syslog Socket.
[   18.040274] systemd[1]: Listening on Journal Socket (/dev/log).
[[0;32m  OK  [0m] Listening on Journal Socket (/dev/log).
[   18.046682] systemd[1]: Listening on LVM2 metadata daemon socket.
[[0;32m  OK  [0m] Listening on LVM2 metadata daemon socket.
[   18.055969] systemd[1]: Starting Monitoring of LVM2 mirrors, snapshots etc. using dmeventd or progress polling...
         Starting Monitoring of LVM2 mirrors... dmeventd or progress polling...
[   18.135231] systemd[1]: Starting Create list of required static device nodes for the current kernel...
         Starting Create list of required st... nodes for the current kernel...
[   18.150465] systemd[1]: Created slice User and Session Slice.
[[0;32m  OK  [0m] Created slice User and Session Slice.
[   18.221011] systemd[1]: Reached target Slices.
[[0;32m  OK  [0m] Reached target Slices.
[   18.330021] systemd[1]: Starting Load Kernel Modules...
         Starting Load Kernel Modules...
[   18.415425] systemd[1]: Starting Set console keymap...
         Starting Set console keymap...
[   18.437464] systemd[1]: Listening on Journal Audit Socket.
[[0;32m  OK  [0m] Listening on Journal Audit Socket.
[   18.537458] systemd[1]: Starting Journal Service...
[   18.623884] Loading iSCSI transport class v2.0-870.
         Starting Journal Service...
[   18.712653] systemd[1]: Mounting POSIX Message Queue File System...
         Mounting POSIX Message Queue File System...
[   18.740670] systemd[1]: Mounted Huge Pages File System.
[[0;32m  OK  [0m] Mounted Huge Pages File System.
[   18.831365] systemd[1]: Mounted Debug File System.
[[0;32m  OK  [0m] Mounted Debug File System.
[   18.853082] systemd[1]: Mounted POSIX Message Queue File System.
[[0;32m  OK  [0m[   19.017543] iscsi: registered transport (tcp)
] Mounted POSIX Message Queue File System.
[   19.177064] systemd[1]: Started Uncomplicated firewall.
[[0;32m  OK  [0m] Started Uncomplicated firewall.
[   19.329481] systemd[1]: Started Remount Root and Kernel File Systems.
[[0;32m  OK  [0m] Started Remount Root and Kernel File Systems.
[   19.344148] systemd[1]: Started Create list of required static device nodes for the current kernel.
[[0;32m  OK  [0m] Started Create list of required sta...ce nodes for the current kernel.
[   19.372992] systemd[1]: Started Nameserver information manager.
[[0;32m  OK  [0m] Started Nameserver information manager.
[   19.756690] iscsi: registered transport (iser)
[   19.775472] systemd[1]: Started Journal Service.
[[0;32m  OK  [0m] Started Journal Service.
[[0;32m  OK  [0m] Started Load Kernel Modules.
[[0;32m  OK  [0m] Started Set console keymap.
         Mounting FUSE Control File System...
         Starting Apply Kernel Variables...
[[0;32m  OK  [0m] Started LVM2 metadata daemon.
         Starting Create Static Device Nodes in /dev...
         Starting Flush Journal to Persistent Storage...
         Starting udev Coldplug all Devices...
         Starting Load/Save Random Seed...
[[0;32m  OK  [0m] Mounted FUSE Control File System.
[[0;32m  OK  [0m] Started Apply Kernel Variables.
[[0;32m  OK  [0m] Started Monitoring of LVM2 mirrors,...ng dmeventd or progress polling.
[[0;32m  OK  [0m] Started Create Static Device Nodes in /dev.
[[0;32m  OK  [0m] Started Load/Save Random Seed.
         Starting udev Kernel Device Manager...
[[0;32m  OK  [0m] Reached target Local File Systems (Pre).
[[0;32m  OK  [0m] Reached target Local File Systems.
         Starting Tell Plymouth To Write Out Runtime Data...
         Starting Initial cloud-init job (pre-networking)...
         Starting Set console font and keymap...
         Starting LSB: AppArmor initialization...
         Starting Commit a transient machine-id on disk...
[[0;32m  OK  [0m] Started Flush Journal to Persistent Storage.
[[0;32m  OK  [0m] Started Tell Plymouth To Write Out Runtime Data.
[[0;32m  OK  [0m] Started Commit a transient machine-id on disk.
         Starting Create Volatile Files and Directories...
[[0;32m  OK  [0m] Started Create Volatile Files and Directories.
[[0;32m  OK  [0m] Started udev Kernel Device Manager.
         Starting Update UTMP about System Boot/Shutdown...
[[0;32m  OK  [0m] Started udev Coldplug all Devices.
[[0;32m  OK  [0m] Started Dispatch Password Requests to Console Directory Watch.
[[0;32m  OK  [0m] Started Update UTMP about System Boot/Shutdown.
[[0;32m  OK  [0m] Found device /dev/ttyS0.
[[0;32m  OK  [0m] Listening on Load/Save RF Kill Switch Status /dev/rfkill Watch.
[[0;32m  OK  [0m] Started LSB: AppArmor initialization.
[   34.750406] cloud-init[459]: Cloud-init v. 19.1-1-gbaa47854-0ubuntu1~16.04.1 running 'init-local' at Fri, 23 Aug 2019 16:36:44 +0000. Up 30.21 seconds.
[[0;32m  OK  [0m] Started Initial cloud-init job (pre-networking).
[[0;32m  OK  [0m] Reached target Network (Pre).
         Starting Raise network interfaces...
[[0;32m  OK  [0m] Started Set console font and keymap.
[[0;32m  OK  [0m] Created slice system-getty.slice.
[[0;32m  OK  [0m] Started Raise network interfaces.
         Starting Initial cloud-init job (metadata service crawler)...
[[0;32m  OK  [0m] Reached target Network.
[   46.915217] cloud-init[944]: Cloud-init v. 19.1-1-gbaa47854-0ubuntu1~16.04.1 running 'init' at Fri, 23 Aug 2019 16:36:56 +0000. Up 42.40 seconds.
[   46.971376] cloud-init[944]: ci-info: ++++++++++++++++++++++++++++++++++++++Net device info++++++++++++++++++++++++++++++++++++++
[   46.982702] cloud-init[944]: ci-info: +--------+------+----------------------------+---------------+--------+-------------------+
[   46.994601] cloud-init[944]: ci-info: | Device |  Up  |          Address           |      Mask     | Scope  |     Hw-Address    |
[   47.009685] cloud-init[944]: ci-info: +--------+------+----------------------------+---------------+--------+-------------------+
[   47.097887] cloud-init[944]: ci-info: | enp0s3 | True |         10.0.2.15          | 255.255.255.0 | global | 02:1e:e5:6d:71:21 |
[   47.197909] cloud-init[944]: ci-info: | enp0s3 | True | fe80::1e:e5ff:fe6d:7121/64 |       .       |  link  | 02:1e:e5:6d:71:21 |
[   47.306438] cloud-init[944]: ci-info: |   lo   | True |         127.0.0.1          |   255.0.0.0   |  host  |         .         |
[   47.316918] cloud-init[944]: ci-info: |   lo   | True |          ::1/128           |       .       |  host  |         .         |
[   47.369867] cloud-init[944]: ci-info: +--------+------+----------------------------+---------------+--------+-------------------+
[   47.377963] cloud-init[944]: ci-info: +++++++++++++++++++++++++++Route IPv4 info++++++++++++++++++++++++++++[[0;32m  OK  [0m] Started Initial cloud-init job (metadata service crawler).
[
[   47.389893] cloud-init[944]: ci-info: +-------+-------------+----------+---------------+-----------+-------+[0;32m  OK  [0m] Reached target Network is Online.

[   47.402148] cloud-init[944]: ci-info: | Route | Destination | Gateway  |    Genmask    | Interface | Flags |         
[   47.415702] cloud-init[944]: ci-info: +-------+-------------+----------+---------------+-----------+-------+
[   47.424776] cloud-initStarting iSCSI initiator daemon (iscsid)...
[[0;32m  OK  [0m] Reached target System Initialization.
[[0;32m  OK  [0m] Listening on ACPID Listen Socket.
[[0;32m  OK  [0m] Started Daily Cleanup of Temporary Directories.
[944]: ci-info: |   0   |   0.0.0.0   | 10.0.2.2 |    0.0.0.0    |   enp0s3  |   UG  |
[   47.508699] cloud-init[944]: ci-info: |   1   |   10.0.2.0  | 0.0.0.0  | 255.255.255.0 |   enp0s3  |   U   |         Starting LXD - unix socket.
         Starting Socket activation for snappy daemon.
[   47.521363] cloud-init[944]: ci-info: +-------+-------------+----------+---------------+-----------+-------+

[[0;32m  OK  [0m] Listening on UUID daemon activation socket.
[[0;32m  OK  [0m] Started Daily apt download activities.
[[0;32m  OK  [0m] Started Daily apt upgrade and clean activities.
[[0;32m  OK  [0m] Reached target Timers.
[[0;32m  OK  [0m] Listening on D-Bus System Message Bus Socket.
[   47.688725] cloud-init[944]: ci-info: +++++++++++++++++++Route IPv6 info+++++++++++++++++++[[0;32m  OK  [0m] Started ACPI Events Check.
[[0;32m  OK  [0m] Reached target Paths.
[   47.697117] cloud-init[944]: ci-info: +-------+-------------+---------+-----------+-------+

[   47.708755] cloud-init[944]: ci-info: | Route | Destination | Gateway | Interface | Flags |[[0;32m  OK  [0m] Reached target Cloud-config availability.

[   47.716818] cloud-init[944]: [[0;32m  OK  [0m] Listening on LXD - unix socket.
[[0;32m  OK  [0m] Listening on Socket activation for snappy daemon.
ci-info: +-------+-------------+---------+-----------+-------+
[   47.744074] cloud-init[944]: ci-info: |   0   |  fe80::/64  |    ::   |   enp0s3  |   U   |
[   47.788478] cloud-init[944]: ci-info: |   4   |   ff00::/8  |    ::   |   enp0s3  |   U   |
[   47.812634] cloud-init[944]: ci-info: +-------+-------------+---------+-----------+-------+
[   47.889935] cloud-init[944]: Generating public/private rsa key pair.
[   47.922157] cloud-init[944]: Your identification has been saved in /etc/ssh/ssh_host_rsa_key.
[[0;32m  OK  [0m] Reached target Sockets.
[[0;32m  OK  [0m] Reached target Basic System.
[   47.983377] cloud-init[944]: Your public key has been saved in /etc/ssh/ssh_host_rsa_key.pub.
[   48.061444] cloud-init[944]: The key fingerprint is:
[   48.063538] cloud-init[944]: SHA256:be29OFvuMIJHNabK00dgOpaor3U9Y7TvYaAYRSf4M1M root@ubuntu-xenial
[[0;32m  OK  [0m] Started ACPI event daemon.
[   48.148625] cloud-init[944]: The key's randomart image is:
[[0;32m  OK  [0m] Started Regular background program processing daemon.
[   48.250993] cloud-init[944]: +---[RSA 2048]----+
[   48.293075] cloud-init[944]: |       .o .      |
         [   48.361029] cloud-init[944]: |      .. oE      |
[   48.363017] cloud-initStarting Accounts Service...
[944]: |       ...o +    |
[   48.412876] cloud-init[944]: |       o== * .   |
[   48.501794] cloud-init[944]: |      o S+B o    |
[   48.524672] cloud-init[944]: |     . = @ = .   |
         Starting /etc/rc.local Compatibility...
[   48.550080] cloud-init[944]: |    . o B X B o  |
[   48.554276] cloud-init[944]: |     o . + B.B . |
[   48.555756] [cloud-init[944]: |    ...    .=++  |
[   48.561537] cloud-init[944]: +----[SHA256]-----+
[   48.561762] cloud-init[944]: Generating public/private dsa key pair.
[   48.561990] cloud-init[944]: Your identification has been saved in /etc/ssh/ssh_host_dsa_key.
[   48.562210] cloud-init[944]: Your public key has been saved in /etc/ssh/ssh_host_dsa_key.pub.
[   48.562437] cloud-init[944]: The key fingerprint is:
[   48.562702] cloud-init[944]: SHA256:JQBoo19Sr7pT3QA1WFrIq5mF+ANEcskbwKSEPj0wrX8 root@ubuntu-xenial
[   48.562931] cloud-init[944]: The key's randomart image is:
[   48.563158] cloud-init[944]: +---[DSA 1024]----+
[   48.563865] cloud-init[944]: |B*o+.**          |
[   48.564091] cloud-init[944]: |=*B.*o o         |
[   48.564326] cloud-init[944]: |++=*.+  . .      |
[   48.564546] cloud-init[944]: |+++o+ o  o       |
[   48.564768] cloud-init[944]: | +oB.o oS        |
[   48.564995] cloud-init[944]: |  B.oE. .        |
[   48.565252] cloud-init[944]: |   +.            |
[   48.565491] cloud-init[944]: |  o              |
[   48.565710] cloud-init[944]: |  .o             |
[   48.565927] cloud-init[944]: +----[SHA256]-----+
[   48.566151] cloud-init[944]: Generating public/private ecdsa key pair.
[   48.566369] cloud-init[944]: Your identification has been saved in /etc/ssh/ssh_host_ecdsa_key.
[   48.566597] cloud-init[944]: Your public key has been saved in /etc/ssh/ssh_host_ecdsa_key.pub.
[   48.566817] cloud-init[944]: The key fingerprint is:
[   48.567036] cloud-init[944]: SHA256:hJBKDipGwd+Gn2b84pGdyCFFMnViSKm/72vCQJAp8TQ root@ubuntu-xenial
[   48.567298] cloud-init[944]: The key's randomart image is:
[   48.567517] cloud-init[944]: +---[ECDSA 256]---+
[0;32m  OK  [0m] Started FUSE filesystem for LXC.
[   48.577390] cloud-init[944]: |o=E+=* .         |
         Starting Login Service...
[   48.732988] cloud-init[944]: |*=.+*.o.         |
[   48.742390] cloud-init[944]: |=++.o.. .        |
         Starting LSB: Record successful boot for GRUB...
[   48.813204] cloud-init[944]: |o+oo.o .         |
[   48.865129] cloud-init[944]: |+ ..+.. S        |
[   48.867766]          Starting Virtualbox guest utils...
         Starting Pollinate to seed the pseudo random number generator...
cloud-init[944]: | . .o*= .        |
[   49.044864] cloud-init[944]: |  o +=.o         |
         Starting System Logging Service...
         Starting LSB: MD monitoring daemon...
[[0;32m  OK  [0m] Started D-Bus System Message Bus.
[   49.132171] cloud-init[944]: |   + o..         |
[   49.472619] cloud-init[944]: |    *=o          |
[   49.539995] cloud-init[944]: +----[SHA256]-----+
[   49.568525] cloud-init[944]: Generating public/private ed25519 key pair.
[   49.641378] cloud-init[944]: Your identification has been saved in /etc/ssh/ssh_host_ed25519_key.
[   49.664134] cloud-init[944]: Your public key has been saved in /etc/ssh/ssh_host_ed25519_key.pub.
[   49.688912] cloud-init[944]: The key fingerprint is:
[   49.748099] cloud-init[944]: SHA256:gWqbJvjQJkXIAv99EL7d6/wnWPHskYcwtqtHmxP0XU4 root@ubuntu-xenial
[   49.753608] cloud-init[944]: The key's randomart image is:
[[0;32m  OK  [0m[   49.953157] cloud-init[944]: +--[ED25519 256]--+] Started Deferred execution scheduler.

[   50.000783] cloud-init[944]: |.     .          |         Starting LXD - container startup/shutdown...

[   50.092930] cloud-init[944]: |oo   . o         |
         Starting Snappy daemon...
[[0;32m  OK  [0m] Started System Logging Service.
[[0;32m  OK  [0m] Started iSCSI initiator daemon (iscsid).
[[0;32m  OK  [0m] Started /etc/rc.local Compatibility.
[   50.386977] cloud-init[944]: |o.o   + .        |
[   50.470616] cloud-init[944]: |.. . o + o  *   E|
[   50.669552] cloud-init[944]: |  . + o S .o O *.|
[   50.692392] cloud-init[944]: | + . o .   .= B +|
[   50.815654] [[0;32m  OK  [0m] Started Login Service.
[[0;32m  OK  [0m] Started Unattended Upgrades Shutdown.
         Starting Authenticate and Authorize Users to Run Privileged Tasks...
         Starting Login to default iSCSI targets...
cloud-init[944]: |+ + +     .+ * o |
[   51.718919] cloud-init[944]: | = o     o. B o  |
[   51.920835] cloud-init[944]: |  .       ++.+   |
[   52.025431] cloud-init[944]: +----[SHA256]-----+
[[0;32m  OK  [0m] Started LSB: Record successful boot for GRUB.
[[0;32m  OK  [0m] Started Authenticate and Authorize Users to Run Privileged Tasks.
[[0;32m  OK  [0m] Started Accounts Service.
[[0;32m  OK  [0m] Started Login to default iSCSI targets.
[[0;32m  OK  [0m] Reached target Remote File Systems (Pre).
[[0;32m  OK  [0m] Reached target Remote File Systems.
         Starting Permit User Sessions...
         Starting LSB: automatic crash report generation...
         Starting LSB: Set the CPU Frequency Scaling governor to "ondemand"...
         Starting LSB: daemon to balance interrupts for SMP systems...
[[0;32m  OK  [0m] Started LSB: MD monitoring daemon.
[[0;32m  OK  [0m] Started Permit User Sessions.
         Starting Hold until boot process finishes up...
         Starting Terminate Plymouth Boot Screen...
[[0;32m  OK  [0m] Started Hold until boot process finishes up.
[[0;32m  OK  [0m] Started Terminate Plymouth Boot Screen.
[[0;32m  OK  [0m] Started Serial Getty on ttyS0.
         Starting Set console scheme...
[[0;32m  OK  [0m] Started Getty on tty1.
[[0;32m  OK  [0m] Reached target Login Prompts.
[[0;32m  OK  [0m] Started LXD - container startup/shutdown.
[[0;32m  OK  [0m] Started LSB: Set the CPU Frequency Scaling governor to "ondemand".
[[0;32m  OK  [0m] Started Set console scheme.
[[0;32m  OK  [0m] Started LSB: daemon to balance interrupts for SMP systems.
[[0;32m  OK  [0m] Started LSB: automatic crash report generation.
[[0;32m  OK  [0m] Started Virtualbox guest utils.
[[0;32m  OK  [0m] Started Snappy daemon.
         Starting Wait until snapd is fully seeded...
[[0;32m  OK  [0m] Started Pollinate to seed the pseudo random number generator.
         Starting OpenBSD Secure Shell server...
[[0;32m  OK  [0m] Started OpenBSD Secure Shell server.
[[0;32m  OK  [0m] Created slice User Slice of vagrant.
         Starting User Manager for UID 1000...
[[0;32m  OK  [0m] Started Session 1 of user vagrant.
[[0;32m  OK  [0m] Started User Manager for UID 1000.

Ubuntu 16.04.6 LTS ubuntu-xenial ttyS0

ubuntu-xenial login: [   65.286005] cloud-init[1380]: Generating locales (this might take a while)...
[   72.740340] cloud-init[1380]:   en_US.UTF-8... done
[   72.761677] cloud-init[1380]: Generation complete.
[   76.471635] cloud-init[1380]: Cloud-init v. 19.1-1-gbaa47854-0ubuntu1~16.04.1 running 'modules:config' at Fri, 23 Aug 2019 16:37:18 +0000. Up 63.93 seconds.
ci-info: no authorized ssh keys fingerprints found for user ubuntu.
<14>Aug 23 16:37:35 ec2: 
<14>Aug 23 16:37:35 ec2: #############################################################
<14>Aug 23 16:37:35 ec2: -----BEGIN SSH HOST KEY FINGERPRINTS-----
<14>Aug 23 16:37:35 ec2: 1024 SHA256:JQBoo19Sr7pT3QA1WFrIq5mF+ANEcskbwKSEPj0wrX8 root@ubuntu-xenial (DSA)
<14>Aug 23 16:37:35 ec2: 256 SHA256:hJBKDipGwd+Gn2b84pGdyCFFMnViSKm/72vCQJAp8TQ root@ubuntu-xenial (ECDSA)
<14>Aug 23 16:37:35 ec2: 256 SHA256:gWqbJvjQJkXIAv99EL7d6/wnWPHskYcwtqtHmxP0XU4 root@ubuntu-xenial (ED25519)
<14>Aug 23 16:37:35 ec2: 2048 SHA256:be29OFvuMIJHNabK00dgOpaor3U9Y7TvYaAYRSf4M1M root@ubuntu-xenial (RSA)
<14>Aug 23 16:37:35 ec2: -----END SSH HOST KEY FINGERPRINTS-----
<14>Aug 23 16:37:35 ec2: #############################################################
-----BEGIN SSH HOST KEY KEYS-----
ecdsa-sha2-nistp256 AAAAE2VjZHNhLXNoYTItbmlzdHAyNTYAAAAIbmlzdHAyNTYAAABBBD76COjmXsVjiD2fPXywbLDuvZkwfhnMywkfuOwDRsRg7Y2pqazFs5ZmCtsKnhx4t3ldw4hTNpyNaYvqu8MpPNA= root@ubuntu-xenial
ssh-ed25519 AAAAC3NzaC1lZDI1NTE5AAAAIKEUCcCgC9S9FfJb6IkVgsnksc7h8L10h8nvI+kSx4IO root@ubuntu-xenial
ssh-rsa AAAAB3NzaC1yc2EAAAADAQABAAABAQC2Ijq1oOV+s3hi2gPwTbxHv1ZY2KcSHuxPLxyeh9sO4HbHmszMuh9vFw6qEbXqcIuU32upyuMgA221jzAJRFHAntsnzXC2tJYl15h30JItQEbOmN+HquGhGaY9T+4I/YFpeR5ouRKlaZWAtVpXaci1ZRTtq2K7yetGKQO1RqEVn4XTVXGfe4mcgnL7qE3/FrQTaWXpuP1cwcYosxyR/2bP8q/ZsKF31Md7ZY9e2ZOlo+ViJbPmjSBFLy+eBlfhtErRLOzgjA8cTTNAYocJZxjyg5jTP0VwyQTclW8mmtXCIF+IopHnTSV+xj93vgjk8I4UhVXjbkCgNZSD7PdfvGUn root@ubuntu-xenial
-----END SSH HOST KEY KEYS-----
[   81.685831] cloud-init[1541]: Cloud-init v. 19.1-1-gbaa47854-0ubuntu1~16.04.1 running 'modules:final' at Fri, 23 Aug 2019 16:37:34 +0000. Up 80.08 seconds.
[   81.854675] cloud-init[1541]: ci-info: no authorized ssh keys fingerprints found for user ubuntu.
[   81.855386] cloud-init[1541]: Cloud-init v. 19.1-1-gbaa47854-0ubuntu1~16.04.1 finished at Fri, 23 Aug 2019 16:37:35 +0000. Datasource DataSourceNoCloud [seed=/dev/sdb][dsmode=net].  Up 81.57 seconds
