[    0.000000] Initializing cgroup subsys cpuset
[    0.000000] Initializing cgroup subsys cpu
[    0.000000] Initializing cgroup subsys cpuacct
[    0.000000] Linux version 4.4.0-154-generic (buildd@lgw01-amd64-049) (gcc version 5.4.0 20160609 (Ubuntu 5.4.0-6ubuntu1~16.04.10) ) #181-Ubuntu SMP Tue Jun 25 05:29:03 UTC 2019 (Ubuntu 4.4.0-154.181-generic 4.4.179)
[    0.000000] Command line: BOOT_IMAGE=/boot/vmlinuz-4.4.0-154-generic root=LABEL=cloudimg-rootfs ro console=tty1 console=ttyS0
[    0.000000] KERNEL supported cpus:
[    0.000000]   Intel GenuineIntel
[    0.000000]   AMD AuthenticAMD
[    0.000000]   Centaur CentaurHauls
[    0.000000] x86/fpu: Legacy x87 FPU detected.
[    0.000000] e820: BIOS-provided physical RAM map:
[    0.000000] BIOS-e820: [mem 0x0000000000000000-0x000000000009fbff] usable
[    0.000000] BIOS-e820: [mem 0x000000000009fc00-0x000000000009ffff] reserved
[    0.000000] BIOS-e820: [mem 0x00000000000f0000-0x00000000000fffff] reserved
[    0.000000] BIOS-e820: [mem 0x0000000000100000-0x000000002cfeffff] usable
[    0.000000] BIOS-e820: [mem 0x000000002cff0000-0x000000002cffffff] ACPI data
[    0.000000] BIOS-e820: [mem 0x00000000fec00000-0x00000000fec00fff] reserved
[    0.000000] BIOS-e820: [mem 0x00000000fee00000-0x00000000fee00fff] reserved
[    0.000000] BIOS-e820: [mem 0x00000000fffc0000-0x00000000ffffffff] reserved
[    0.000000] NX (Execute Disable) protection: active
[    0.000000] SMBIOS 2.5 present.
[    0.000000] Hypervisor detected: KVM
[    0.000000] e820: last_pfn = 0x2cff0 max_arch_pfn = 0x400000000
[    0.000000] MTRR: Disabled
[    0.000000] x86/PAT: MTRRs disabled, skipping PAT initialization too.
[    0.000000] CPU MTRRs all blank - virtualized system.
[    0.000000] x86/PAT: Configuration [0-7]: WB  WT  UC- UC  WB  WT  UC- UC  
[    0.000000] found SMP MP-table at [mem 0x0009fff0-0x0009ffff] mapped at [ffff88000009fff0]
[    0.000000] Scanning 1 areas for low memory corruption
[    0.000000] RAMDISK: [mem 0x2b8be000-0x2c738fff]
[    0.000000] ACPI: Early table checksum verification disabled
[    0.000000] ACPI: RSDP 0x00000000000E0000 000024 (v02 VBOX  )
[    0.000000] ACPI: XSDT 0x000000002CFF0030 00003C (v01 VBOX   VBOXXSDT 00000001 ASL  00000061)
[    0.000000] ACPI: FACP 0x000000002CFF00F0 0000F4 (v04 VBOX   VBOXFACP 00000001 ASL  00000061)
[    0.000000] ACPI: DSDT 0x000000002CFF0470 0021FF (v02 VBOX   VBOXBIOS 00000002 INTL 20180105)
[    0.000000] ACPI: FACS 0x000000002CFF0200 000040
[    0.000000] ACPI: FACS 0x000000002CFF0200 000040
[    0.000000] ACPI: APIC 0x000000002CFF0240 000054 (v02 VBOX   VBOXAPIC 00000001 ASL  00000061)
[    0.000000] ACPI: SSDT 0x000000002CFF02A0 0001CC (v01 VBOX   VBOXCPUT 00000002 INTL 20180105)
[    0.000000] No NUMA configuration found
[    0.000000] Faking a node at [mem 0x0000000000000000-0x000000002cfeffff]
[    0.000000] NODE_DATA(0) allocated [mem 0x2cfeb000-0x2cfeffff]
[    0.000000] kvm-clock: Using msrs 4b564d01 and 4b564d00
[    0.000000] kvm-clock: cpu 0, msr 0:2cfe3001, primary cpu clock
[    0.000000] kvm-clock: using sched offset of 7570314028 cycles
[    0.000000] clocksource: kvm-clock: mask: 0xffffffffffffffff max_cycles: 0x1cd42e4dffb, max_idle_ns: 881590591483 ns
[    0.000000] Zone ranges:
[    0.000000]   DMA      [mem 0x0000000000001000-0x0000000000ffffff]
[    0.000000]   DMA32    [mem 0x0000000001000000-0x000000002cfeffff]
[    0.000000]   Normal   empty
[    0.000000]   Device   empty
[    0.000000] Movable zone start for each node
[    0.000000] Early memory node ranges
[    0.000000]   node   0: [mem 0x0000000000001000-0x000000000009efff]
[    0.000000]   node   0: [mem 0x0000000000100000-0x000000002cfeffff]
[    0.000000] Initmem setup node 0 [mem 0x0000000000001000-0x000000002cfeffff]
[    0.000000] ACPI: PM-Timer IO Port: 0x4008
[    0.000000] IOAPIC[0]: apic_id 1, version 32, address 0xfec00000, GSI 0-23
[    0.000000] ACPI: INT_SRC_OVR (bus 0 bus_irq 0 global_irq 2 dfl dfl)
[    0.000000] ACPI: INT_SRC_OVR (bus 0 bus_irq 9 global_irq 9 low level)
[    0.000000] Using ACPI (MADT) for SMP configuration information
[    0.000000] smpboot: Allowing 1 CPUs, 0 hotplug CPUs
[    0.000000] PM: Registered nosave memory: [mem 0x00000000-0x00000fff]
[    0.000000] PM: Registered nosave memory: [mem 0x0009f000-0x0009ffff]
[    0.000000] PM: Registered nosave memory: [mem 0x000a0000-0x000effff]
[    0.000000] PM: Registered nosave memory: [mem 0x000f0000-0x000fffff]
[    0.000000] e820: [mem 0x2d000000-0xfebfffff] available for PCI devices
[    0.000000] Booting paravirtualized kernel on KVM
[    0.000000] clocksource: refined-jiffies: mask: 0xffffffff max_cycles: 0xffffffff, max_idle_ns: 7645519600211568 ns
[    0.000000] setup_percpu: NR_CPUS:512 nr_cpumask_bits:512 nr_cpu_ids:1 nr_node_ids:1
[    0.000000] PERCPU: Embedded 34 pages/cpu @ffff88002cc00000 s99480 r8192 d31592 u2097152
[    0.000000] Built 1 zonelists in Node order, mobility grouping on.  Total pages: 181304
[    0.000000] Policy zone: DMA32
[    0.000000] Kernel command line: BOOT_IMAGE=/boot/vmlinuz-4.4.0-154-generic root=LABEL=cloudimg-rootfs ro console=tty1 console=ttyS0
[    0.000000] PID hash table entries: 4096 (order: 3, 32768 bytes)
[    0.000000] Memory: 690668K/736824K available (8613K kernel code, 1335K rwdata, 4028K rodata, 1484K init, 1284K bss, 46156K reserved, 0K cma-reserved)
[    0.000000] SLUB: HWalign=64, Order=0-3, MinObjects=0, CPUs=1, Nodes=1
[    0.000000] Kernel/User page tables isolation: enabled
[    0.000000] Hierarchical RCU implementation.
[    0.000000] 	Build-time adjustment of leaf fanout to 64.
[    0.000000] 	RCU restricting CPUs from NR_CPUS=512 to nr_cpu_ids=1.
[    0.000000] RCU: Adjusting geometry for rcu_fanout_leaf=64, nr_cpu_ids=1
[    0.000000] NR_IRQS:33024 nr_irqs:256 16
[    0.000000] Console: colour VGA+ 80x25
[    0.000000] console [tty1] enabled
[    0.000000] console [ttyS0] enabled
[    0.000000] tsc: Detected 2992.498 MHz processor
[    0.539723] Calibrating delay loop (skipped) preset value.. 5984.99 BogoMIPS (lpj=11969992)
[    0.542747] pid_max: default: 32768 minimum: 301
[    0.544344] ACPI: Core revision 20150930
[    0.602911] ACPI: 2 ACPI AML tables successfully acquired and loaded
[    0.615193] Security Framework initialized
[    0.616656] Yama: becoming mindful.
[    0.618080] AppArmor: AppArmor initialized
[    0.619704] Dentry cache hash table entries: 131072 (order: 8, 1048576 bytes)
[    0.622236] Inode-cache hash table entries: 65536 (order: 7, 524288 bytes)
[    0.627634] Mount-cache hash table entries: 2048 (order: 2, 16384 bytes)
[    0.629677] Mountpoint-cache hash table entries: 2048 (order: 2, 16384 bytes)
[    0.632274] Initializing cgroup subsys io
[    0.633770] Initializing cgroup subsys memory
[    0.644605] Initializing cgroup subsys devices
[    0.646149] Initializing cgroup subsys freezer
[    0.647709] Initializing cgroup subsys net_cls
[    0.649251] Initializing cgroup subsys perf_event
[    0.701632] Initializing cgroup subsys net_prio
[    0.703194] Initializing cgroup subsys hugetlb
[    0.714752] Initializing cgroup subsys pids
[    0.716335] mce: CPU supports 0 MCE banks
[    0.717870] process: using mwait in idle threads
[    0.719455] Last level iTLB entries: 4KB 128, 2MB 4, 4MB 4
[    0.721269] Last level dTLB entries: 4KB 256, 2MB 0, 4MB 32, 1GB 0
[    0.723227] Spectre V2 : Mitigation: Full generic retpoline
[    0.725023] Spectre V2 : Spectre v2 / SpectreRSB mitigation: Filling RSB on context switch
[    0.745234] Speculative Store Bypass: Vulnerable
[    0.747693] MDS: Vulnerable: Clear CPU buffers attempted, no microcode
[    1.381874] Freeing SMP alternatives memory: 36K
[    1.436630] ftrace: allocating 32299 entries in 127 pages
[    1.551003] smpboot: APIC(0) Converting physical 0 to logical package 0
[    1.555613] smpboot: Max logical packages: 1
[    1.557713] x2apic enabled
[    1.559402] Switched APIC routing to physical x2apic.
[    1.563405] ..TIMER: vector=0x30 apic1=0 pin1=2 apic2=-1 pin2=-1
[    1.574985] APIC calibration not consistent with PM-Timer: 192ms instead of 100ms
[    1.636184] APIC delta adjusted to PM-Timer: 6249962 (12000614)
[    1.638130] smpboot: CPU0: Intel(R) Core(TM)2 Duo CPU     E8400  @ 3.00GHz (family: 0x6, model: 0x17, stepping: 0xa)
[    1.641818] Performance Events: unsupported p6 CPU model 23 no PMU driver, software events only.
[    1.846290] KVM setup paravirtual spinlock
[    1.849210] x86: Booted up 1 node, 1 CPUs
[    1.850673] smpboot: Total of 1 processors activated (5984.99 BogoMIPS)
[    1.853201] devtmpfs: initialized
[    1.867204] evm: security.selinux
[    1.868516] evm: security.SMACK64
[    1.869792] evm: security.SMACK64EXEC
[    1.871167] evm: security.SMACK64TRANSMUTE
[    1.872622] evm: security.SMACK64MMAP
[    1.873994] evm: security.ima
[    1.875203] evm: security.capability
[    1.876692] clocksource: jiffies: mask: 0xffffffff max_cycles: 0xffffffff, max_idle_ns: 7645041785100000 ns
[    1.885439] futex hash table entries: 256 (order: 2, 16384 bytes)
[    1.887496] pinctrl core: initialized pinctrl subsystem
[    1.889410] RTC time: 16:57:56, date: 08/23/19
[    1.891277] NET: Registered protocol family 16
[    1.893088] cpuidle: using governor ladder
[    1.974548] cpuidle: using governor menu
[    1.975966] PCCT header not found.
[    1.977317] ACPI: bus type PCI registered
[    1.978763] acpiphp: ACPI Hot Plug PCI Controller Driver version: 0.5
[    1.994982] PCI: Using configuration type 1 for base access
[    1.998346] ACPI: Added _OSI(Module Device)
[    1.999847] ACPI: Added _OSI(Processor Device)
[    2.052086] ACPI: Added _OSI(3.0 _SCP Extensions)
[    2.053682] ACPI: Added _OSI(Processor Aggregator Device)
[    2.056196] ACPI: Executed 1 blocks of module-level executable AML code
[    2.060738] ACPI: Interpreter enabled
[    2.062115] ACPI: (supports S0 S5)
[    2.084838] ACPI: Using IOAPIC for interrupt routing
[    2.086678] PCI: Using host bridge windows from ACPI; if necessary, use "pci=nocrs" and report a bug
[    2.094184] ACPI: PCI Root Bridge [PCI0] (domain 0000 [bus 00-ff])
[    2.096110] acpi PNP0A03:00: _OSC: OS supports [ASPM ClockPM Segments MSI]
[    2.098234] acpi PNP0A03:00: _OSC: not requesting OS control; OS requires [ExtendedConfig ASPM ClockPM MSI]
[    2.157266] acpi PNP0A03:00: fail to add MMCONFIG information, can't access extended PCI configuration space under this bridge.
[    2.161223] PCI host bridge to bus 0000:00
[    2.162691] pci_bus 0000:00: root bus resource [io  0x0000-0x0cf7 window]
[    2.164771] pci_bus 0000:00: root bus resource [io  0x0d00-0xffff window]
[    2.166870] pci_bus 0000:00: root bus resource [mem 0x000a0000-0x000bffff window]
[    2.169559] pci_bus 0000:00: root bus resource [mem 0x2d000000-0xfdffffff window]
[    2.172263] pci_bus 0000:00: root bus resource [bus 00-ff]
[    2.176409] pci 0000:00:01.1: legacy IDE quirk: reg 0x10: [io  0x01f0-0x01f7]
[    2.178571] pci 0000:00:01.1: legacy IDE quirk: reg 0x14: [io  0x03f6]
[    2.180584] pci 0000:00:01.1: legacy IDE quirk: reg 0x18: [io  0x0170-0x0177]
[    2.182733] pci 0000:00:01.1: legacy IDE quirk: reg 0x1c: [io  0x0376]
[    2.261308] pci 0000:00:07.0: quirk: [io  0x4000-0x403f] claimed by PIIX4 ACPI
[    2.266294] pci 0000:00:07.0: quirk: [io  0x4100-0x410f] claimed by PIIX4 SMB
[    2.275474] ACPI: PCI Interrupt Link [LNKA] (IRQs 5 9 10 *11)
[    2.278271] ACPI: PCI Interrupt Link [LNKB] (IRQs 5 9 *10 11)
[    2.280797] ACPI: PCI Interrupt Link [LNKC] (IRQs 5 *9 10 11)
[    2.304803] ACPI: PCI Interrupt Link [LNKD] (IRQs 5 9 10 *11)
[    2.307417] ACPI: Enabled 2 GPEs in block 00 to 07
[    2.310003] vgaarb: setting as boot device: PCI:0000:00:02.0
[    2.362584] vgaarb: device added: PCI:0000:00:02.0,decodes=io+mem,owns=io+mem,locks=none
[    2.365443] vgaarb: loaded
[    2.366901] vgaarb: bridge control possible 0000:00:02.0
[    2.385931] SCSI subsystem initialized
[    2.388449] ACPI: bus type USB registered
[    2.390524] usbcore: registered new interface driver usbfs
[    2.394125] usbcore: registered new interface driver hub
[    2.397437] usbcore: registered new device driver usb
[    2.401586] PCI: Using ACPI for IRQ routing
[    2.406593] NetLabel: Initializing
[    2.465251] NetLabel:  domain hash size = 128
[    2.466768] NetLabel:  protocols = UNLABELED CIPSOv4
[    2.468493] NetLabel:  unlabeled traffic allowed by default
[    2.470694] amd_nb: Cannot enumerate AMD northbridges
[    2.472503] clocksource: Switched to clocksource kvm-clock
[    2.486233] AppArmor: AppArmor Filesystem Enabled
[    2.495264] pnp: PnP ACPI init
[    2.497753] pnp: PnP ACPI: found 3 devices
[    2.507158] clocksource: acpi_pm: mask: 0xffffff max_cycles: 0xffffff, max_idle_ns: 2085701024 ns
[    2.572380] NET: Registered protocol family 2
[    2.574408] TCP established hash table entries: 8192 (order: 4, 65536 bytes)
[    2.576593] TCP bind hash table entries: 8192 (order: 5, 131072 bytes)
[    2.578708] TCP: Hash tables configured (established 8192 bind 8192)
[    2.580764] UDP hash table entries: 512 (order: 2, 16384 bytes)
[    2.582732] UDP-Lite hash table entries: 512 (order: 2, 16384 bytes)
[    2.584798] NET: Registered protocol family 1
[    2.586411] pci 0000:00:00.0: Limiting direct PCI/PCI transfers
[    2.588327] pci 0000:00:01.0: Activating ISA DMA hang workarounds
[    2.590570] Unpacking initramfs...
[    3.033105] Freeing initrd memory: 14828K
[    3.105241] clocksource: tsc: mask: 0xffffffffffffffff max_cycles: 0x2b2296bc2b9, max_idle_ns: 440795321505 ns
[    3.108628] platform rtc_cmos: registered platform RTC device (no PNP device found)
[    3.111488] Scanning for low memory corruption every 60 seconds
[    3.113814] audit: initializing netlink subsys (disabled)
[    3.115647] audit: type=2000 audit(1566579484.826:1): initialized
[    3.117984] Initialise system trusted keyring
[    3.119694] HugeTLB registered 2 MB page size, pre-allocated 0 pages
[    3.123304] zbud: loaded
[    3.124786] VFS: Disk quotas dquot_6.6.0
[    3.126309] VFS: Dquot-cache hash table entries: 512 (order 0, 4096 bytes)
[    3.128748] squashfs: version 4.0 (2009/01/31) Phillip Lougher
[    3.191408] fuse init (API version 7.23)
[    3.193010] Key type big_key registered
[    3.214946] Allocating IMA MOK and blacklist keyrings.
[    3.217098] Key type asymmetric registered
[    3.218636] Asymmetric key parser 'x509' registered
[    3.220319] Block layer SCSI generic (bsg) driver version 0.4 loaded (major 249)
[    3.223072] io scheduler noop registered
[    3.234558] io scheduler deadline registered (default)
[    3.236333] io scheduler cfq registered
[    3.295216] pci_hotplug: PCI Hot Plug PCI Core version: 0.5
[    3.297026] pciehp: PCI Express Hot Plug Controller Driver version: 0.4
[    3.299261] ACPI: AC Adapter [AC] (on-line)
[    3.300813] input: Power Button as /devices/LNXSYSTM:00/LNXPWRBN:00/input/input0
[    3.303529] ACPI: Power Button [PWRF]
[    3.305010] input: Sleep Button as /devices/LNXSYSTM:00/LNXSLPBN:00/input/input1
[    3.307655] ACPI: Sleep Button [SLPF]
[    3.309310] GHES: HEST is not enabled!
[    3.310816] Serial: 8250/16550 driver, 32 ports, IRQ sharing enabled
[    3.336071] 00:02: ttyS0 at I/O 0x3f8 (irq = 4, base_baud = 115200) is a 16550A
[    3.340075] Linux agpgart interface v0.103
[    3.342988] loop: module loaded
[    3.400824] scsi host0: ata_piix
[    3.402224] scsi host1: ata_piix
[    3.403538] ata1: PATA max UDMA/33 cmd 0x1f0 ctl 0x3f6 bmdma 0xd000 irq 14
[    3.405646] ata2: PATA max UDMA/33 cmd 0x170 ctl 0x376 bmdma 0xd008 irq 15
[    3.436814] libphy: Fixed MDIO Bus: probed
[    3.438336] tun: Universal TUN/TAP device driver, 1.6
[    3.440078] tun: (C) 1999-2004 Max Krasnyansky <maxk@qualcomm.com>
[    3.442186] PPP generic driver version 2.4.2
[    3.504171] ehci_hcd: USB 2.0 'Enhanced' Host Controller (EHCI) Driver
[    3.521923] ehci-pci: EHCI PCI platform driver
[    3.523484] ehci-platform: EHCI generic platform driver
[    3.525239] ohci_hcd: USB 1.1 'Open' Host Controller (OHCI) Driver
[    3.527178] ohci-pci: OHCI PCI platform driver
[    3.528731] ohci-platform: OHCI generic platform driver
[    3.535258] uhci_hcd: USB Universal Host Controller Interface driver
[    3.537309] i8042: PNP: PS/2 Controller [PNP0303:PS2K,PNP0f03:PS2M] at 0x60,0x64 irq 1,12
[    3.540941] serio: i8042 KBD port at 0x60,0x64 irq 1
[    3.542613] serio: i8042 AUX port at 0x60,0x64 irq 12
[    3.544437] mousedev: PS/2 mouse device common for all mice
[    3.546714] input: AT Translated Set 2 keyboard as /devices/platform/i8042/serio0/input/input2
[    3.550057] rtc_cmos rtc_cmos: rtc core: registered rtc_cmos as rtc0
[    3.552126] rtc_cmos rtc_cmos: alarms up to one day, 114 bytes nvram
[    3.605135] i2c /dev entries driver
[    3.606548] device-mapper: uevent: version 1.0.3
[    3.608214] device-mapper: ioctl: 4.34.0-ioctl (2015-10-28) initialised: dm-devel@redhat.com
[    3.611199] ledtrig-cpu: registered to indicate activity on CPUs
[    3.613470] NET: Registered protocol family 10
[    3.615418] NET: Registered protocol family 17
[    3.616985] Key type dns_resolver registered
[    3.618830] registered taskstats version 1
[    3.620320] Loading compiled-in X.509 certificates
[    3.622978] Loaded X.509 cert 'Build time autogenerated kernel key: 65139e04a67245b562a838c28b5e7032abdd4348'
[    3.626304] zswap: loaded using pool lzo/zbud
[    3.639844] Key type trusted registered
[    3.716167] Key type encrypted registered
[    3.717693] AppArmor: AppArmor sha1 policy hashing enabled
[    3.719526] ima: No TPM chip found, activating TPM-bypass!
[    3.721364] ima: Allocated hash algorithm: sha1
[    3.722971] evm: HMAC attrs: 0x1
[    3.724605]   Magic number: 15:879:995
[    3.726158] rtc_cmos rtc_cmos: setting system clock to 2019-08-23 16:57:58 UTC (1566579478)
[    3.729172] BIOS EDD facility v0.16 2004-Jun-25, 0 devices found
[    3.731087] EDD information not available.
[    3.737545] Freeing unused kernel memory: 1484K
[    3.748574] Write protecting the kernel read-only data: 14336k
[    3.763122] Freeing unused kernel memory: 1616K
[    3.810644] Freeing unused kernel memory: 68K
Loading, please wait...
starting version 229
[    4.045207] random: systemd-udevd: uninitialized urandom read (16 bytes read, 3 bits of entropy available)
[    4.049098] random: systemd-udevd: uninitialized urandom read (16 bytes read, 3 bits of entropy available)
[    4.052369] random: systemd-udevd: uninitialized urandom read (16 bytes read, 3 bits of entropy available)
[    4.121784] random: udevadm: uninitialized urandom read (16 bytes read, 3 bits of entropy available)
[    4.124919] random: udevadm: uninitialized urandom read (16 bytes read, 3 bits of entropy available)
[    4.224357] random: systemd-udevd: uninitialized urandom read (16 bytes read, 3 bits of entropy available)
[    4.230357] random: systemd-udevd: uninitialized urandom read (16 bytes read, 3 bits of entropy available)
[    4.233631] random: systemd-udevd: uninitialized urandom read (16 bytes read, 3 bits of entropy available)
[    4.256403] random: systemd-udevd: uninitialized urandom read (16 bytes read, 3 bits of entropy available)
[    4.346091] random: udevadm: uninitialized urandom read (16 bytes read, 3 bits of entropy available)
[    4.997967] Fusion MPT base driver 3.04.20
[    5.054309] Copyright (c) 1999-2008 LSI Corporation
[    5.060871] e1000: Intel(R) PRO/1000 Network Driver - version 7.3.21-k8-NAPI
[    5.063067] e1000: Copyright (c) 1999-2006 Intel Corporation.
[    5.305811] input: ImExPS/2 Generic Explorer Mouse as /devices/platform/i8042/serio1/input/input4
[    5.683814] Fusion MPT SPI Host driver 3.04.20
[    6.373751] e1000 0000:00:03.0 eth0: (PCI:33MHz:32-bit) 02:1e:e5:6d:71:21
[    6.406037] e1000 0000:00:03.0 eth0: Intel(R) PRO/1000 Network Connection
[    6.414347] e1000 0000:00:03.0 enp0s3: renamed from eth0
[    6.416422] mptbase: ioc0: Initiating bringup
[    6.481045] ioc0: LSI53C1030 A0: Capabilities={Initiator}
[    6.642027] scsi host2: ioc0: LSI53C1030 A0, FwRev=00000000h, Ports=1, MaxQ=256, IRQ=20
[    6.753852] scsi 2:0:0:0: Direct-Access     VBOX     HARDDISK         1.0  PQ: 0 ANSI: 5
[    6.756677] scsi target2:0:0: Beginning Domain Validation
[    6.759411] scsi target2:0:0: Domain Validation skipping write tests
[    6.785450] scsi target2:0:0: Ending Domain Validation
[    6.787210] scsi target2:0:0: asynchronous
[    6.789015] scsi 2:0:1:0: Direct-Access     VBOX     HARDDISK         1.0  PQ: 0 ANSI: 5
[    6.791864] scsi target2:0:1: Beginning Domain Validation
[    6.794661] scsi target2:0:1: Domain Validation skipping write tests
[    6.796619] scsi target2:0:1: Ending Domain Validation
[    6.798383] scsi target2:0:1: asynchronous
[    6.820685] sd 2:0:0:0: Attached scsi generic sg0 type 0
[    6.822545] sd 2:0:0:0: [sda] 20971520 512-byte logical blocks: (10.7 GB/10.0 GiB)
[    6.826582] sd 2:0:1:0: [sdb] 20480 512-byte logical blocks: (10.5 MB/10.0 MiB)
[    6.837100] sd 2:0:0:0: [sda] Write Protect is off
[    6.838857] sd 2:0:1:0: Attached scsi generic sg1 type 0
[    6.841217] sd 2:0:0:0: [sda] Incomplete mode parameter data
[    6.843043] sd 2:0:0:0: [sda] Assuming drive cache: write through
[    6.866651] sd 2:0:1:0: [sdb] Write Protect is off
[    6.919917] sd 2:0:1:0: [sdb] Incomplete mode parameter data
[    6.921781] sd 2:0:1:0: [sdb] Assuming drive cache: write through
[    6.945392]  sda: sda1
[    6.947791] sd 2:0:0:0: [sda] Attached SCSI disk
[    7.015248] sd 2:0:1:0: [sdb] Attached SCSI disk
Begin: Loading essential drivers ... [   10.342071] md: linear personality registered for level -1
[   10.363803] md: multipath personality registered for level -4
[   10.433790] md: raid0 personality registered for level 0
[   10.467133] md: raid1 personality registered for level 1
[   10.629150] raid6: sse2x1   gen()  2417 MB/s
[   10.734259] raid6: sse2x1   xor()  3881 MB/s
[   10.839309] raid6: sse2x2   gen()  3474 MB/s
[   10.944257] raid6: sse2x2   xor()  3818 MB/s
[   11.049213] raid6: sse2x4   gen()  6794 MB/s
[   11.149994] raid6: sse2x4   xor()  2037 MB/s
[   11.155045] raid6: using algorithm sse2x4 gen() 6794 MB/s
[   11.156800] raid6: .... xor() 2037 MB/s, rmw enabled
[   11.158502] raid6: using ssse3x2 recovery algorithm
[   11.181457] xor: measuring software checksum speed
[   11.373579]    prefetch64-sse: 29999.000 MB/sec
[   11.573589]    generic_sse: 26719.000 MB/sec
[   11.575106] xor: using function: prefetch64-sse (29999.000 MB/sec)
[   11.583771] async_tx: api initialized (async)
[   11.681091] md: raid6 personality registered for level 6
[   11.685333] md: raid5 personality registered for level 5
[   11.687092] md: raid4 personality registered for level 4
[   11.812394] md: raid10 personality registered for level 10
done.
Begin: Running /scripts/init-premount ... done.
Begin: Mounting root file system ... Begin: Running /scripts/local-top ... done.
Begin: Running /scripts/local-premount ... [   12.214118] Btrfs loaded
Scanning for Btrfs filesystems
done.
Warning: fsck not present, so skipping root file system
[   12.569455] EXT4-fs (sda1): mounted filesystem with ordered data mode. Opts: (null)
done.
Begin: Running /scripts/local-bottom ... done.
Begin: Running /scripts/init-bottom ... done.
[   13.396972] random: nonblocking pool is initialized
[   13.611600] systemd[1]: systemd 229 running in system mode. (+PAM +AUDIT +SELINUX +IMA +APPARMOR +SMACK +SYSVINIT +UTMP +LIBCRYPTSETUP +GCRYPT +GNUTLS +ACL +XZ -LZ4 +SECCOMP +BLKID +ELFUTILS +KMOD -IDN)
[   13.619227] systemd[1]: Detected virtualization oracle.
[   13.620967] systemd[1]: Detected architecture x86-64.

Welcome to [1mUbuntu 16.04.6 LTS[0m!

[   13.646419] systemd[1]: Set hostname to <ubuntu>.
[   13.727900] systemd[1]: Initializing machine ID from random generator.
[   13.730128] systemd[1]: Installed transient /etc/machine-id file.
[   15.218067] systemd[1]: Started Forward Password Requests to Wall Directory Watch.
[[0;32m  OK  [0m] Started Forward Password Requests to Wall Directory Watch.
[   15.229377] systemd[1]: Listening on Journal Socket.
[[0;32m  OK  [0m] Listening on Journal Socket.
[   15.235334] systemd[1]: Created slice System Slice.
[[0;32m  OK  [0m] Created slice System Slice.
[   15.242788] systemd[1]: Starting Remount Root and Kernel File Systems...
         Starting Remount Root and Kernel File Systems...
[   15.257649] systemd[1]: Starting Nameserver information manager...
         Starting Nameserver information manager...
[   15.335373] systemd[1]: Listening on Journal Audit Socket.
[[0;32m  OK  [0m] Listening on Journal Audit Socket.
[   15.345812] systemd[1]: Listening on LVM2 poll daemon socket.
[[0;32m  OK  [0m] Listening on LVM2 poll daemon socket.[   15.418000] EXT4-fs (sda1): re-mounted. Opts: (null)

[   15.422141] systemd[1]: Reached target Swap.
[[0;32m  OK  [0m] Reached target Swap.
[   15.487539] systemd[1]: Starting Load Kernel Modules...
         Starting Load Kernel Modules...
[   15.513119] systemd[1]: Reached target User and Group Name Lookups.
[[0;32m  OK  [0m] Reached target User and Group Name Lookups.
[   15.542049] systemd[1]: Listening on Journal Socket (/dev/log).
[[0;32m  OK  [0m] Listening on Journal Socket (/dev/log).
[   15.551243] systemd[1]: Starting Set console keymap...
         Starting Set console keymap...
[   15.629789] systemd[1]: Started Trigger resolvconf update for networkd DNS.
[[0;32m  OK  [0m] Started Trigger resolvconf update for networkd DNS.
[   15.639153] systemd[1]: Starting Uncomplicated firewall...
         Starting Uncomplicated firewall...
[   15.655320] systemd[1]: Created slice User and Session Slice.
[[0;32m  OK  [0m] Created slice User and Session Slice.
[   15.726746] systemd[1]: Mounting POSIX Message Queue File System...
         Mounting POSIX Message Queue File System...
[   15.815575] systemd[1]: Reached target Encrypted Volumes.
[[0;32m  OK  [0m] Reached target Encrypted Volumes.
[   15.823290] Loading iSCSI transport class v2.0-870.
[   15.829220] systemd[1]: Mounting Huge Pages File System...
         Mounting Huge Pages File System...
[   15.963133] iscsi: registered transport (tcp)
[   16.028847] systemd[1]: Listening on /dev/initctl Compatibility Named Pipe.
[[0;32m  OK  [0m] Listening on /dev/initctl Compatibility Named Pipe.
[   16.040079] systemd[1]: Set up automount Arbitrary Executable File Formats File System Automount Point.
[[0;32m  OK  [0m] Set up automount Arbitrary Executab...ats File System Automount Point.
[   16.047420] systemd[1]: Created slice system-serial\x2dgetty.slice.
[[0;32m  OK  [0m] Created slice system-serial\x2dgetty.slice.
[   16.051790] systemd[1]: Listening on Syslog Socket.
[[0;32m  OK  [0m] Listening on Syslog Socket.
[   16.055383] systemd[1]: Reached target System Time Synchronized.
[[0;32m  OK  [0m] Reached target System Time Synchronized.
[   16.059811] systemd[1]: Listening on Device-mapper event daemon FIFOs.
[[0;32m  OK  [0m] Listening on Device-mapper event daemon FIFOs.
[   16.125042] systemd[1]: Listening on udev Control Socket.
[[0;32m  OK  [0m] Listening on udev Control Socket.
[   16.158274] systemd[1]: Mounting Debug File System...
         Mounting Debug File System...
[   16.245827] systemd[1]: Listening on udev Kernel Socket.
[[0;32m  OK  [0m] Listening on udev Kernel Socket.
[   16.265159] systemd[1]: Listening on LVM2 metadata daemon socket.
[[0;32m  OK  [0m] Listening on LVM2 metadata daemon socket.
[   16.273264] systemd[1]: Starting Monitoring of LVM2 mirrors, snapshots etc. using dmeventd or progress polling...
         Starting Monitoring of LVM2 mirrors... dmeventd or progress polling...
[   16.451562] systemd[1]: Starting Journal Service...
         Starting Journal Service...
[   16.547218] systemd[1]: Reached target Slices.
[[0;32m  OK  [0m] Reached target Slices.
[   16.588391] systemd[1]: Starting Create list of required static device nodes for the current kernel...
         Starting Create list of required st... nodes for the current kernel...
[   16.752934] systemd[1]: Mounted POSIX Message Queue File System.
[[0;32m  OK  [0m] Mounted POSIX Message Queue File System.
[   16.864352] systemd[1]: Mounted Huge Pages File System.
[[0;32m  OK  [0m] Mounted Huge Pages File System.
[   16.876748] systemd[1]: Mounted Debug File System.
[[0;32m  OK  [0m] Mounted Debug Fi[   17.057540] iscsi: registered transport (iser)
le System.
[   17.163977] systemd[1]: Started Remount Root and Kernel File Systems.
[[0;32m  OK  [0m] Started Remount Root and Kernel File Systems.
[   17.260826] systemd[1]: Started Uncomplicated firewall.
[[0;32m  OK  [0m] Started Uncomplicated firewall.
[   17.273197] systemd[1]: Started Create list of required static device nodes for the current kernel.
[[0;32m  OK  [0m] Started Create list of required sta...ce nodes for the current kernel.
[   17.371198] systemd[1]: Started Nameserver information manager.
[[0;32m  OK  [0m] Started Nameserver information manager.
[   17.677237] systemd[1]: Started Load Kernel Modules.
[[0;32m  OK  [0m] Started Load Kernel Modules.
[   17.696094] systemd[1]: Started Set console keymap.
[[0;32m  OK  [0m] Started Set console keymap.
[   17.778334] systemd[1]: Started Journal Service.
[[0;32m  OK  [0m] Started Journal Service.
         Mounting FUSE Control File System...
         Starting Apply Kernel Variables...
[[0;32m  OK  [0m] Started LVM2 metadata daemon.
         Starting Create Static Device Nodes in /dev...
         Starting udev Coldplug all Devices...
         Starting Load/Save Random Seed...
         Starting Flush Journal to Persistent Storage...
[[0;32m  OK  [0m] Mounted FUSE Control File System.
[[0;32m  OK  [0m] Started Apply Kernel Variables.
[[0;32m  OK  [0m] Started Create Static Device Nodes in /dev.
[[0;32m  OK  [0m] Started Load/Save Random Seed.
[[0;32m  OK  [0m] Started Monitoring of LVM2 mirrors,...ng dmeventd or progress polling.
[[0;32m  OK  [0m] Reached target Local File Systems (Pre).
[[0;32m  OK  [0m] Reached target Local File Systems.
         Starting Tell Plymouth To Write Out Runtime Data...
         Starting Commit a transient machine-id on disk...
         Starting Set console font and keymap...
         Starting LSB: AppArmor initialization...
         Starting Initial cloud-init job (pre-networking)...
         Starting udev Kernel Device Manager...
[[0;32m  OK  [0m] Started Tell Plymouth To Write Out Runtime Data.
[[0;32m  OK  [0m] Started Commit a transient machine-id on disk.
[[0;32m  OK  [0m] Started Flush Journal to Persistent Storage.
         Starting Create Volatile Files and Directories...
[[0;32m  OK  [0m] Started udev Coldplug all Devices.
[[0;32m  OK  [0m] Started Create Volatile Files and Directories.
         Starting Update UTMP about System Boot/Shutdown...
[[0;32m  OK  [0m] Started Update UTMP about System Boot/Shutdown.
[[0;32m  OK  [0m] Started udev Kernel Device Manager.
[[0;32m  OK  [0m] Started Dispatch Password Requests to Console Directory Watch.
[[0;32m  OK  [0m] Found device /dev/ttyS0.
[[0;32m  OK  [0m] Listening on Load/Save RF Kill Switch Status /dev/rfkill Watch.
[[0;32m  OK  [0m] Started LSB: AppArmor initialization.
[[0;32m  OK  [0m] Started Initial cloud-init job (pre-networking).
[   33.600895] cloud-init[463]: Cloud-init v. 19.1-1-gbaa47854-0ubuntu1~16.04.1 running 'init-local' at Fri, 23 Aug 2019 16:58:25 +0000. Up 29.14 seconds.[[0;32m  OK  [0m] Reached target Network (Pre).

         Starting Raise network interfaces...
[[0;32m  OK  [0m] Started Set console font and keymap.
[[0;32m  OK  [0m] Created slice system-getty.slice.
[[0;32m  OK  [0m] Started Raise network interfaces.
         Starting Initial cloud-init job (metadata service crawler)...
[[0;32m  OK  [0m] Reached target Network.
[   45.241599] cloud-init[939]: Cloud-init v. 19.1-1-gbaa47854-0ubuntu1~16.04.1 running 'init' at Fri, 23 Aug 2019 16:58:37 +0000. Up 40.88 seconds.
[   45.286556] cloud-init[939]: ci-info: ++++++++++++++++++++++++++++++++++++++Net device info++++++++++++++++++++++++++++++++++++++
[   45.361628] cloud-init[939]: ci-info: +--------+------+----------------------------+---------------+--------+-------------------+
[   45.460733] cloud-init[939]: ci-info: | Device |  Up  |          Address           |      Mask     | Scope  |     Hw-Address    |
[   45.489242] cloud-init[939]: ci-info: +--------+------+----------------------------+---------------+--------+-------------------+
[   45.586851] cloud-init[939]: ci-info: | enp0s3 | True |         10.0.2.15          | 255.255.255.0 | global | 02:1e:e5:6d:71:21 |
[   45.601613] cloud-init[939]: ci-info: | enp0s3 | True | fe80::1e:e5ff:fe6d:7121/64 |       .       |  link  | 02:1e:e5:6d:71:21 |
[   45.613633] cloud-init[939]: ci-info: |   lo   | True |         127.0.0.1          |   255.0.0.0   |  host  |         .         |
[   45.666269] cloud-init[939]: ci-info: |   lo   | True |          ::1/128           |       .       |  host  |         .         |
[   45.671671] cloud-init[939]: ci-info: +--------+------+----------------------------+---------------+--------+-------------------+
[   45.677127] cloud-init[939]: ci-info: +++++++++++++++++++++++++++Route IPv4 info++++++++++++++++++++++++++++
[   45.683758] cloud-init[939]: ci-info: +-------+-------------+----------+---------------+-----------+-------+
[   45.688832] cloud-init[939]: ci-info: | Route | Destination | Gateway  |    Genmask    | Interface | Flags |
[   45.693586] cloud-init[939]: ci-info: +-------+-------------+----------+---------------+-----------+-------+
[   45.698443] cloud-init[939]: ci-info: |   0   |   0.0.0.0   | 10.0.2.2 |    0.0.0.0    |   enp0s3  |   UG  |
[   45.703416] cloud-init[939]: ci-info: |   1   |   10.0.2.0  | 0.0.0.0  | 255.255.255.0 |   enp0s3  |   U   |
[[0;32m  OK  [0m[   45.716370] cloud-init[939]: ci-info: +-------+-------------+----------+---------------+-----------+-------+] Started Initial cloud-init job (metadata service crawler).
[[0;32m  OK  [0m
[   45.728800] cloud-init[939]: ci-info: +++++++++++++++++++Route IPv6 info+++++++++++++++++++] Reached target Network is Online.
         Starting iSCSI initiator daemon (iscsid)...
[[0;32m  OK  [0m] Reached target System Initialization.

[   45.800551] cloud-init[939]: ci-info: +-------+-------------+---------+-----------+-------+
[   45.806182] cloud-init[939]: [[0;32m  OK  [0m] Started ACPI Events Check.
[[0;32m  OK  [0m] Reached target Paths.
ci-info: | Route | Destination | Gateway | Interface | Flags |
[   45.870192] cloud-init[939]: ci-info: +-------+-------------+---------+-----------+-------+
         Starting LXD - unix socket.
[[0;32m  OK  [0m] Listening on UUID daemon activation socket.
[[0;32m  OK  [0m] Listening on D-Bus System Message Bus Socket.
         Starting Socket activation for snappy daemon.
[   45.942292] cloud-init[939]: ci-info: |   0   |  fe80::/64  |    ::   |   enp0s3  |   U   |
[   46.009137] cloud-init[939]: ci-info: |   4   |   ff00::/8  |    ::   |   enp0s3  |   U   |
[[0;32m  OK  [0m] Started Daily Cleanup of Temporary Directories.
[   46.014729] cloud-init[939]: ci-info: +-------+-------------+---------+-----------+-------+[[0;32m  OK  [0m] Started Daily apt download activities.
[[0;32m  OK  [0m] Started Daily apt upgrade and clean activities.
[[0;32m  OK  [0m
] Reached target Timers.
[[0;32m  OK  [0m] Listening on ACPID Listen Socket.
[[0;32m  OK  [0m] Reached target Cloud-config availability.
[[0;32m  OK  [0m] Listening on LXD - unix socket.
[[0;32m  OK  [0m] Listening on Socket activation for snappy daemon.
[   46.183736] cloud-init[939]: Generating public/private rsa key pair.
[   46.211878] cloud-init[939]: Your identification has been saved in /etc/ssh/ssh_host_rsa_key.[[0;32m  OK  [0m] Reached target Sockets.
[[0;32m  OK  [0m] Reached target Basic System.

         Starting Pollinate to seed the pseudo random number generator...
         Starting LSB: Record successful boot for GRUB...
         Starting LXD - container startup/shutdown...
[[0;32m  OK  [0m] Started D-Bus System Message Bus.
[   46.653936] cloud-init[939]: Your public key has been saved in /etc/ssh/ssh_host_rsa_key.pub.
[   46.698416] cloud-init[939]: The key fingerprint is:
[   46.708882] cloud-init[939]: SHA256:oiSwp7WANphQZ50/PN8f/oWwEYkUb3h0Q7kE/tgwzeE root@ubuntu-xenial
[   46.720668] cloud-init[939]: The key's randomart image is:
[   46.729311] cloud-init[939]: +---[RSA 2048]----+
[   46.738385] cloud-init[939]: |  . o. .  o.oo=. |
[   46.811554] cloud-init[939]: | . o  o  . * *oo |
[   46.820444] cloud-init[939]: |o      o  o X.E. |
[   46.826504] cloud-init[939]: |++      =  o B.  |
[   46.838321] cloud-init[939]: |*o+ . . S+ .+ o  |
[   46.841996] cloud-init[939]: |.=.+ . .  . .+.. |
[   46.907886] cloud-init[939]: |. . .       .o...|
[   46.912688] cloud-init[939]: |              o .|
[   46.916417] cloud-init[939]: |               ..|
[   46.920312] cloud-init[939]: +----[SHA256]-----+
[   46.924005] cloud-init[939]: Generating public/private dsa key pair.
[   46.928252] cloud-init[939]: Your identification has been saved in /etc/ssh/ssh_host_dsa_key.
[   46.948583] cloud-init[939]: Your public key has been saved in /etc/ssh/ssh_host_dsa_key.pub.
[   46.960725] cloud-init[939]: The key fingerprint is:
[   46.964734] cloud-init[939]: SHA256:MNxw53Wj20+4bekmlImmVmDno9wAAn8L6BsNR3BEtEQ root@ubuntu-xenial
[   47.032980] cloud-init[939]: The key's randomart image is:
[   47.046923] cloud-init[939]: +---[DSA 1024]----+
[   47.060883] cloud-init[939]: |   .*E. . . . o  |
[   47.064661] cloud-init[939]: |   .oo.+ o . o . |
[   47.066847] cloud-init[939]: |    =.+ . . .    |
[   47.104338] cloud-init[939]: |   o = = o . o . |
[   47.122903] cloud-init[939]: |  . + + S + o = .|
[   47.130284] cloud-init[939]: |   o . . . * + =.|
[   47.137581] cloud-init[939]: |    o   . B o ..+|
[   47.144195] cloud-init[939]: |   .     = . ..o |
[   47.158062] cloud-init[939]: |        .     o. |
[   47.166428] cloud-init[939]: +----[SHA256]-----+
[   47.168825] cloud-init[939]: Generating public/private ecdsa key pair.
[   47.171466] cloud-init[939]: Your identification has been saved in /etc/ssh/ssh_host_ecdsa_key.
[   47.174659] cloud-init[939]: Your public key has been saved in /etc/ssh/ssh_host_ecdsa_key.pub.
[   47.177796] cloud-init[939]: The key fingerprint is:
[   47.181756] cloud-init[939]: SHA256:SJXdwMMf8za2dUr1RqH3lxRap0YaTUvJKhM0QAI4PZk root@ubuntu-xenial
[   47.184839] cloud-init[939]: The key's randomart image is:
[   47.238432] cloud-init[939]: +---[ECDSA 256]---+
[   47.250410] cloud-init[939]: |   o.+..+B+o.++=o|
[   47.276997] cloud-init[939]: |  o E  o. *.+=Bo=|
[   47.283099] cloud-init[939]: |   . ..    +.B+=.|
[   47.324540] cloud-init[939]: |     . .  o o.O B|
[   47.333392] cloud-init[939]: |      . S  o + B+|
[   47.345973] cloud-init[[0;32m  OK  [0m[939]: |              o .|
[   47.354688] cloud-init[939]: |                 |
[   47.360506] cloud-init[939]: |                 |
[   47.362728] cloud-init[939]: |                 |] Started ACPI event daemon.
         Starting /etc/rc.local Compatibility...
         Starting Accounts Service...

         Starting Virtualbox guest utils...[   47.557126] cloud-init[939]: +----[SHA256]-----+
[   47.559268] cloud-init[939]: 
         Starting LSB: MD monitoring daemon...
[[0;32m  OK  [0m] Started Deferred execution scheduler.
Generating public/private ed25519 key pair.
[[0;32m  OK  [0m] Started FUSE filesystem for LXC.
         Starting Login Service...
[   47.953737] cloud-init[939]: Your identification has been saved in /etc/ssh/ssh_host_ed25519_key.[[0;32m  OK  [0m] 
Started Regular background program processing daemon.
[   47.966644] cloud-init[939]: Your public key has been saved in /etc/ssh/ssh_host_ed25519_key.pub.
[   48.073223] cloud-init[939]: The key fingerprint is:
         Starting System Logging Service...
[   48.162243] cloud-init[939]: SHA256:IQur8br0wJ5zZd1/wI9ZsKbUC64wI0mA12/dzdzhVKA root@ubuntu-xenial
         Starting Snappy daemon...
[   48.369169] cloud-init[939]: The key's randomart image is:[[0;32m  OK  [0m] Started iSCSI initiator daemon (iscsid).

[   48.460843] cloud-init[939]: +--[ED25519 256]--+
[   48.476450] cloud-init[939]: |              ...|
[   48.551345] cloud-init[939]: | . .         . . |
[   48.553601] cloud-init[939]: |. o o . .   E o  |
[   48.560596] cloud-init[939]: | . . + + o +.+ . |
[   48.587319] cloud-init[939]: |  . o +.S..o+oo  |
[   48.593074] [[0;32m  OK  [0m] Started /etc/rc.local Compatibility.
cloud-init[939]: | . = oo . + * .  |
[   48.988968] cloud-init[939]: |  = +o+  o = B   |
[[0;32m  OK  [0m] Started Login Service.
[   48.992777] cloud-init[939]: | o.=.. +  o = o  |
[[0;32m  OK  [0m] Started Unattended Upgrades Shutdown.
[   49.098442] cloud-init[939]: |  =+.   ..   .   |
         Starting Login to default iSCSI targets...
[   49.125106] cloud-init[939]: +----[SHA256]-----+
[[0;32m  OK  [0m] Started System Logging Service.
[[0;32m  OK  [0m] Started LSB: Record successful boot for GRUB.
[[0;32m  OK  [0m] Started Login to default iSCSI targets.
[[0;32m  OK  [0m] Reached target Remote File Systems (Pre).
[[0;32m  OK  [0m] Reached target Remote File Systems.
         Starting LSB: daemon to balance interrupts for SMP systems...
         Starting Permit User Sessions...
         Starting LSB: Set the CPU Frequency Scaling governor to "ondemand"...
         Starting LSB: automatic crash report generation...
[[0;32m  OK  [0m] Started LSB: MD monitoring daemon.
[[0;32m  OK  [0m] Started Permit User Sessions.
         Starting Hold until boot process finishes up...
         Starting Terminate Plymouth Boot Screen...
[[0;32m  OK  [0m] Started LXD - container startup/shutdown.
[[0;32m  OK  [0m] Started Hold until boot process finishes up.
[[0;32m  OK  [0m] Started Getty on tty1.
[[0;32m  OK  [0m] Started Serial Getty on ttyS0.
[[0;32m  OK  [0m] Reached target Login Prompts.
         Starting Set console scheme...
         Starting Authenticate and Authorize Users to Run Privileged Tasks...
[[0;32m  OK  [0m] Started Terminate Plymouth Boot Screen.
[[0;32m  OK  [0m] Started Set console scheme.
[[0;32m  OK  [0m] Started Authenticate and Authorize Users to Run Privileged Tasks.
[[0;32m  OK  [0m] Started Accounts Service.
[[0;32m  OK  [0m] Started LSB: Set the CPU Frequency Scaling governor to "ondemand".
[[0;32m  OK  [0m] Started LSB: automatic crash report generation.
[[0;32m  OK  [0m] Started Virtualbox guest utils.
[[0;32m  OK  [0m] Started LSB: daemon to balance interrupts for SMP systems.
[[0;32m  OK  [0m] Started Snappy daemon.
         Starting Wait until snapd is fully seeded...
[[0;32m  OK  [0m] Started Pollinate to seed the pseudo random number generator.
         Starting OpenBSD Secure Shell server...
[[0;32m  OK  [0m] Started OpenBSD Secure Shell server.
[[0;32m  OK  [0m] Created slice User Slice of vagrant.
         Starting User Manager for UID 1000...
[[0;32m  OK  [0m] Started Session 1 of user vagrant.

Ubuntu 16.04.6 LTS ubuntu-xenial ttyS0

ubuntu-xenial login: [   65.218557] cloud-init[1383]: Generating locales (this might take a while)...
[   72.652649] cloud-init[1383]:   en_US.UTF-8... done
[   72.654092] cloud-init[1383]: Generation complete.
[   76.404410] cloud-init[1383]: Cloud-init v. 19.1-1-gbaa47854-0ubuntu1~16.04.1 running 'modules:config' at Fri, 23 Aug 2019 16:59:00 +0000. Up 63.43 seconds.
ci-info: no authorized ssh keys fingerprints found for user ubuntu.
<14>Aug 23 16:59:16 ec2: 
<14>Aug 23 16:59:16 ec2: #############################################################
<14>Aug 23 16:59:16 ec2: -----BEGIN SSH HOST KEY FINGERPRINTS-----
<14>Aug 23 16:59:16 ec2: 1024 SHA256:MNxw53Wj20+4bekmlImmVmDno9wAAn8L6BsNR3BEtEQ root@ubuntu-xenial (DSA)
<14>Aug 23 16:59:16 ec2: 256 SHA256:SJXdwMMf8za2dUr1RqH3lxRap0YaTUvJKhM0QAI4PZk root@ubuntu-xenial (ECDSA)
<14>Aug 23 16:59:16 ec2: 256 SHA256:IQur8br0wJ5zZd1/wI9ZsKbUC64wI0mA12/dzdzhVKA root@ubuntu-xenial (ED25519)
<14>Aug 23 16:59:16 ec2: 2048 SHA256:oiSwp7WANphQZ50/PN8f/oWwEYkUb3h0Q7kE/tgwzeE root@ubuntu-xenial (RSA)
<14>Aug 23 16:59:16 ec2: -----END SSH HOST KEY FINGERPRINTS-----
<14>Aug 23 16:59:16 ec2: #############################################################
-----BEGIN SSH HOST KEY KEYS-----
ecdsa-sha2-nistp256 AAAAE2VjZHNhLXNoYTItbmlzdHAyNTYAAAAIbmlzdHAyNTYAAABBBLU1VsHhtZbmVa2/SGvlxqgmw0mZD5LI2pxcAyjm+yRNrQ7F96z5E1mDCL1SzpfVSbhokVzPAN2EA23RbJMwjd8= root@ubuntu-xenial
ssh-ed25519 AAAAC3NzaC1lZDI1NTE5AAAAIMVsqJLvJSBFkbN20gUS68HgVevcC7kBqonNZ76mcTUo root@ubuntu-xenial
ssh-rsa AAAAB3NzaC1yc2EAAAADAQABAAABAQC2pYZf3A/uLmQFkIDGiqCYEbZ+x/aDeAF2tU05VkZIULx+i7DZH/cRpJUmYEVrs3IJiQfjssCbUyZU6hXPjAF3wuMND4TnuUTUClNdEaFddzQ16q9u+xgt/I61hHcBeLK3Clq5nSFNT4tsvd5vCzRczhSMiKvLqIfZJ0t2Zaba/92P+Nn02W1+f/zAMzkbfFLjzwCw6Hht205tIGdDdaVdH0+QJphJ64bOB+yGVvJowbyGtXNherJRU5AfMOHUaxALSF0a/LkX03wfdkrzDiEnxf1+9smNrw6DrvmC3A5pXt32qmDJkaSFUwtE2lVJZN2sklu/SIZBmXJ+TxzrwmTF root@ubuntu-xenial
-----END SSH HOST KEY KEYS-----
[   80.141453] cloud-init[1582]: Cloud-init v. 19.1-1-gbaa47854-0ubuntu1~16.04.1 running 'modules:final' at Fri, 23 Aug 2019 16:59:15 +0000. Up 79.11 seconds.
[   80.143020] cloud-init[1582]: ci-info: no authorized ssh keys fingerprints found for user ubuntu.
[   80.143737] cloud-init[1582]: Cloud-init v. 19.1-1-gbaa47854-0ubuntu1~16.04.1 finished at Fri, 23 Aug 2019 16:59:16 +0000. Datasource DataSourceNoCloud [seed=/dev/sdb][dsmode=net].  Up 80.03 seconds
